Log file open, 02/20/19 22:21:44
LogWindows: Failed to load 'aqProf.dll' (GetLastError=126)
LogWindows: File 'aqProf.dll' does not exist
LogWindows: Failed to load 'VtuneApi.dll' (GetLastError=126)
LogWindows: File 'VtuneApi.dll' does not exist
LogWindows: Failed to load 'VtuneApi32e.dll' (GetLastError=126)
LogWindows: File 'VtuneApi32e.dll' does not exist
LogConsoleResponse: Display: Failed to find resolution value strings in scalability ini. Falling back to default.
LogInit: Display: Running engine for game: Prototypes
LogPakFile: Registered encryption key '00000000000000000000000000000000': 0 pak files mounted, 0 remain pending
LogPlatformFile: Not using cached read wrapper
LogTaskGraph: Started task graph with 5 named threads and 23 total threads with 3 sets of task threads.
LogStats: Stats thread started at 0.302087
LogD3D11RHI: Loaded GFSDK_Aftermath_Lib.x64.dll
LogICUInternationalization: ICU TimeZone Detection - Raw Offset: -8:00, Platform Override: ''
LogPluginManager: Mounting plugin Paper2D
LogPluginManager: Mounting plugin AISupport
LogPluginManager: Mounting plugin LightPropagationVolume
LogPluginManager: Mounting plugin ActorLayerUtilities
LogPluginManager: Mounting plugin CLionSourceCodeAccess
LogPluginManager: Mounting plugin CodeLiteSourceCodeAccess
LogPluginManager: Mounting plugin GitSourceControl
LogPluginManager: Mounting plugin KDevelopSourceCodeAccess
LogPluginManager: Mounting plugin NullSourceCodeAccess
LogPluginManager: Mounting plugin PerforceSourceControl
LogPluginManager: Mounting plugin SubversionSourceControl
LogPluginManager: Mounting plugin UObjectPlugin
LogPluginManager: Mounting plugin VisualStudioCodeSourceCodeAccess
LogPluginManager: Mounting plugin VisualStudioSourceCodeAccess
LogPluginManager: Mounting plugin XCodeSourceCodeAccess
LogPluginManager: Mounting plugin AssetManagerEditor
LogPluginManager: Mounting plugin CryptoKeys
LogPluginManager: Mounting plugin DataValidation
LogPluginManager: Mounting plugin FacialAnimation
LogPluginManager: Mounting plugin GameplayTagsEditor
LogPluginManager: Mounting plugin MacGraphicsSwitching
LogPluginManager: Mounting plugin MeshEditor
LogPluginManager: Mounting plugin MobileLauncherProfileWizard
LogPluginManager: Mounting plugin PluginBrowser
LogPluginManager: Mounting plugin SpeedTreeImporter
LogPluginManager: Mounting plugin DatasmithContent
LogPluginManager: Mounting plugin VariantManagerContent
LogPluginManager: Mounting plugin AlembicImporter
LogPluginManager: Mounting plugin AppleImageUtils
LogPluginManager: Mounting plugin AppleVision
LogPluginManager: Mounting plugin BackChannel
LogPluginManager: Mounting plugin CharacterAI
LogPluginManager: Mounting plugin GeometryCache
LogPluginManager: Mounting plugin HTML5Networking
LogPluginManager: Mounting plugin ProxyLODPlugin
LogPluginManager: Mounting plugin MagicLeap
LogPluginManager: Mounting plugin MagicLeapMedia
LogPluginManager: Mounting plugin AndroidMedia
LogPluginManager: Mounting plugin AvfMedia
LogPluginManager: Mounting plugin ImgMedia
LogPluginManager: Mounting plugin LinearTimecode
LogPluginManager: Mounting plugin MediaCompositing
LogPluginManager: Mounting plugin MediaPlayerEditor
LogPluginManager: Mounting plugin WebMMedia
LogPluginManager: Mounting plugin WmfMedia
LogPluginManager: Mounting plugin TcpMessaging
LogPluginManager: Mounting plugin UdpMessaging
LogPluginManager: Mounting plugin ActorSequence
LogPluginManager: Mounting plugin LevelSequenceEditor
LogPluginManager: Mounting plugin MatineeToLevelSequence
LogPluginManager: Mounting plugin NetcodeUnitTest
LogPluginManager: Mounting plugin NUTUnrealEngine4
LogPluginManager: Mounting plugin OnlineSubsystemGooglePlay
LogPluginManager: Mounting plugin OnlineSubsystemIOS
LogPluginManager: Mounting plugin OnlineSubsystem
LogPluginManager: Mounting plugin OnlineSubsystemNull
LogPluginManager: Mounting plugin OnlineSubsystemUtils
LogPluginManager: Mounting plugin LauncherChunkInstaller
LogPluginManager: Mounting plugin AndroidDeviceProfileSelector
LogPluginManager: Mounting plugin AndroidMoviePlayer
LogPluginManager: Mounting plugin AndroidPermission
LogPluginManager: Mounting plugin AppleMoviePlayer
LogPluginManager: Mounting plugin ArchVisCharacter
LogPluginManager: Mounting plugin AudioCapture
LogPluginManager: Mounting plugin CableComponent
LogPluginManager: Mounting plugin CustomMeshComponent
LogPluginManager: Mounting plugin EditableMesh
LogPluginManager: Mounting plugin ExampleDeviceProfileSelector
LogPluginManager: Mounting plugin Firebase
LogPluginManager: Mounting plugin GoogleCloudMessaging
LogPluginManager: Mounting plugin IOSDeviceProfileSelector
LogPluginManager: Mounting plugin LinuxDeviceProfileSelector
LogPluginManager: Mounting plugin LocationServicesBPLibrary
LogPluginManager: Mounting plugin MobilePatchingUtils
LogPluginManager: Mounting plugin OculusVR
LogPluginManager: Mounting plugin PhysXVehicles
LogPluginManager: Mounting plugin ProceduralMeshComponent
LogPluginManager: Mounting plugin RuntimePhysXCooking
LogPluginManager: Mounting plugin SteamVR
LogPluginManager: Mounting plugin WebMMoviePlayer
LogPluginManager: Mounting plugin WindowsMoviePlayer
LogStreaming: Display: Took  0.150s to configure plugins.
LogInit: Using libcurl 7.55.1-DEV
LogInit:  - built for x86_64-pc-win32
LogInit:  - supports SSL with OpenSSL/1.0.2h
LogInit:  - supports HTTP deflate (compression) using libz 1.2.8
LogInit:  - other features:
LogInit:      CURL_VERSION_SSL
LogInit:      CURL_VERSION_LIBZ
LogInit:      CURL_VERSION_IPV6
LogInit:      CURL_VERSION_ASYNCHDNS
LogInit:      CURL_VERSION_LARGEFILE
LogInit:      CURL_VERSION_IDN
LogInit:  CurlRequestOptions (configurable via config and command line):
LogInit:  - bVerifyPeer = true  - Libcurl will verify peer certificate
LogInit:  - bUseHttpProxy = false  - Libcurl will NOT use HTTP proxy
LogInit:  - bDontReuseConnections = false  - Libcurl will reuse connections
LogInit:  - MaxHostConnections = 16  - Libcurl will limit the number of connections to a host
LogInit:  - LocalHostAddr = Default
LogInit:  - BufferSize = 65536
LogInit: WinSock: version 1.1 (2.2), MaxSocks=32767, MaxUdp=65467
LogInit: Build: ++UE4+Release-4.21-CL-4753647
LogInit: Engine Version: 4.21.2-4753647+++UE4+Release-4.21
LogInit: Compatible Engine Version: 4.21.0-4541578+++UE4+Release-4.21
LogInit: Net CL: 4541578
LogInit: OS: Windows 8.1 (), CPU: AMD FX(tm)-8320 Eight-Core Processor           , GPU: NVIDIA GeForce GTX 970
LogInit: Compiled (64-bit): Jan 19 2019 02:07:31
LogInit: Compiled with Visual C++: 19.13.26129.00
LogInit: Build Configuration: Development
LogInit: Branch Name: ++UE4+Release-4.21
LogInit: Command Line: 
LogInit: Base Directory: C:/Program Files/Epic Games/UE_4.21/Engine/Binaries/Win64/
LogInit: Installed Engine Build: 1
LogDevObjectVersion: Number of dev versions registered: 22
LogDevObjectVersion:   Dev-Blueprints (B0D832E4-1F89-4F0D-ACCF-7EB736FD4AA2): 10
LogDevObjectVersion:   Dev-Build (E1C64328-A22C-4D53-A36C-8E866417BD8C): 0
LogDevObjectVersion:   Dev-Core (375EC13C-06E4-48FB-B500-84F0262A717E): 2
LogDevObjectVersion:   Dev-Editor (E4B068ED-F494-42E9-A231-DA0B2E46BB41): 26
LogDevObjectVersion:   Dev-Framework (CFFC743F-43B0-4480-9391-14DF171D2073): 34
LogDevObjectVersion:   Dev-Mobile (B02B49B5-BB20-44E9-A304-32B752E40360): 2
LogDevObjectVersion:   Dev-Networking (A4E4105C-59A1-49B5-A7C5-40C4547EDFEE): 0
LogDevObjectVersion:   Dev-Online (39C831C9-5AE6-47DC-9A44-9C173E1C8E7C): 0
LogDevObjectVersion:   Dev-Physics (78F01B33-EBEA-4F98-B9B4-84EACCB95AA2): 0
LogDevObjectVersion:   Dev-Platform (6631380F-2D4D-43E0-8009-CF276956A95A): 0
LogDevObjectVersion:   Dev-Rendering (12F88B9F-8875-4AFC-A67C-D90C383ABD29): 27
LogDevObjectVersion:   Dev-Sequencer (7B5AE74C-D270-4C10-A958-57980B212A5A): 9
LogDevObjectVersion:   Dev-VR (D7296918-1DD6-4BDD-9DE2-64A83CC13884): 2
LogDevObjectVersion:   Dev-LoadTimes (C2A15278-BFE7-4AFE-6C17-90FF531DF755): 1
LogDevObjectVersion:   Private-Geometry (6EACA3D4-40EC-4CC1-B786-8BED09428FC5): 3
LogDevObjectVersion:   Dev-AnimPhys (29E575DD-E0A3-4627-9D10-D276232CDCEA): 17
LogDevObjectVersion:   Dev-Anim (AF43A65D-7FD3-4947-9873-3E8ED9C1BB05): 2
LogDevObjectVersion:   Dev-ReflectionCapture (6B266CEC-1EC7-4B8F-A30B-E4D90942FC07): 1
LogDevObjectVersion:   Dev-Automation (0DF73D61-A23F-47EA-B727-89E90C41499A): 1
LogDevObjectVersion:   FortniteMain (601D1886-AC64-4F84-AA16-D3DE0DEAC7D6): 17
LogDevObjectVersion:   Dev-Enterprise (9DFFBCD6-494F-0158-E221-12823C92A888): 4
LogDevObjectVersion:   Dev-Niagara (F2AED0AC-9AFE-416F-8664-AA7FFA26D6FC): 1
LogStreaming: Display: Took  0.000s to delete old logs.
LogInit: Presizing for max 8388607 objects, including 0 objects not considered by GC, pre-allocating 0 bytes for permanent pool.
LogInit: Object subsystem initialized
LogConfig: Setting CVar [[con.DebugEarlyDefault:1]]
LogConfig: Setting CVar [[r.setres:1280x720]]
[2019.02.21-06.21.44:814][  0]LogConfig: Setting CVar [[r.VSync:0]]
[2019.02.21-06.21.44:814][  0]LogConfig: Setting CVar [[r.RHICmdBypass:0]]
[2019.02.21-06.21.44:815][  0]LogConfig: Applying CVar settings from Section [/Script/Engine.RendererSettings] File [C:/Users/Password is 123/Documents/BluePrintDemonstrations-/Prototypes/Saved/Config/Windows/Engine.ini]
[2019.02.21-06.21.44:815][  0]LogConfig: Setting CVar [[r.GPUCrashDebugging:0]]
[2019.02.21-06.21.44:815][  0]LogConfig: Applying CVar settings from Section [/Script/Engine.RendererOverrideSettings] File [C:/Users/Password is 123/Documents/BluePrintDemonstrations-/Prototypes/Saved/Config/Windows/Engine.ini]
[2019.02.21-06.21.44:815][  0]LogConfig: Applying CVar settings from Section [/Script/Engine.StreamingSettings] File [C:/Users/Password is 123/Documents/BluePrintDemonstrations-/Prototypes/Saved/Config/Windows/Engine.ini]
[2019.02.21-06.21.44:815][  0]LogConfig: Setting CVar [[s.MinBulkDataSizeForAsyncLoading:131072]]
[2019.02.21-06.21.44:815][  0]LogConfig: Setting CVar [[s.AsyncLoadingThreadEnabled:0]]
[2019.02.21-06.21.44:815][  0]LogConfig: Setting CVar [[s.EventDrivenLoaderEnabled:1]]
[2019.02.21-06.21.44:815][  0]LogConfig: Setting CVar [[s.WarnIfTimeLimitExceeded:0]]
[2019.02.21-06.21.44:815][  0]LogConfig: Setting CVar [[s.TimeLimitExceededMultiplier:1.5]]
[2019.02.21-06.21.44:815][  0]LogConfig: Setting CVar [[s.TimeLimitExceededMinTime:0.005]]
[2019.02.21-06.21.44:815][  0]LogConfig: Setting CVar [[s.UseBackgroundLevelStreaming:1]]
[2019.02.21-06.21.44:815][  0]LogConfig: Setting CVar [[s.PriorityAsyncLoadingExtraTime:15.0]]
[2019.02.21-06.21.44:815][  0]LogConfig: Setting CVar [[s.LevelStreamingActorsUpdateTimeLimit:5.0]]
[2019.02.21-06.21.44:815][  0]LogConfig: Setting CVar [[s.PriorityLevelStreamingActorsUpdateExtraTime:5.0]]
[2019.02.21-06.21.44:815][  0]LogConfig: Setting CVar [[s.LevelStreamingComponentsRegistrationGranularity:10]]
[2019.02.21-06.21.44:815][  0]LogConfig: Setting CVar [[s.UnregisterComponentsTimeLimit:1.0]]
[2019.02.21-06.21.44:815][  0]LogConfig: Setting CVar [[s.LevelStreamingComponentsUnregistrationGranularity:5]]
[2019.02.21-06.21.44:815][  0]LogConfig: Applying CVar settings from Section [/Script/Engine.GarbageCollectionSettings] File [C:/Users/Password is 123/Documents/BluePrintDemonstrations-/Prototypes/Saved/Config/Windows/Engine.ini]
[2019.02.21-06.21.44:815][  0]LogConfig: Setting CVar [[gc.MaxObjectsNotConsideredByGC:1]]
[2019.02.21-06.21.44:815][  0]LogConfig: Setting CVar [[gc.SizeOfPermanentObjectPool:0]]
[2019.02.21-06.21.44:815][  0]LogConfig: Setting CVar [[gc.FlushStreamingOnGC:0]]
[2019.02.21-06.21.44:815][  0]LogConfig: Setting CVar [[gc.NumRetriesBeforeForcingGC:10]]
[2019.02.21-06.21.44:815][  0]LogConfig: Setting CVar [[gc.AllowParallelGC:1]]
[2019.02.21-06.21.44:815][  0]LogConfig: Setting CVar [[gc.TimeBetweenPurgingPendingKillObjects:61.1]]
[2019.02.21-06.21.44:815][  0]LogConfig: Setting CVar [[gc.MaxObjectsInEditor:8388607]]
[2019.02.21-06.21.44:815][  0]LogConfig: Setting CVar [[gc.IncrementalBeginDestroyEnabled:1]]
[2019.02.21-06.21.44:815][  0]LogConfig: Setting CVar [[gc.CreateGCClusters:1]]
[2019.02.21-06.21.44:815][  0]LogConfig: Setting CVar [[gc.MergeGCClusters:0]]
[2019.02.21-06.21.44:815][  0]LogConfig: Setting CVar [[gc.MinGCClusterSize:5]]
[2019.02.21-06.21.44:815][  0]LogConfig: Setting CVar [[gc.ActorClusteringEnabled:0]]
[2019.02.21-06.21.44:815][  0]LogConfig: Setting CVar [[gc.BlueprintClusteringEnabled:0]]
[2019.02.21-06.21.44:815][  0]LogConfig: Setting CVar [[gc.UseDisregardForGCOnDedicatedServers:0]]
[2019.02.21-06.21.44:815][  0]LogConfig: Applying CVar settings from Section [/Script/Engine.NetworkSettings] File [C:/Users/Password is 123/Documents/BluePrintDemonstrations-/Prototypes/Saved/Config/Windows/Engine.ini]
[2019.02.21-06.21.44:815][  0]LogConfig: Applying CVar settings from Section [/Script/UnrealEd.CookerSettings] File [C:/Users/Password is 123/Documents/BluePrintDemonstrations-/Prototypes/Saved/Config/Windows/Engine.ini]
[2019.02.21-06.21.44:818][  0]LogConfig: Applying CVar settings from Section [ViewDistanceQuality@3] File [C:/Users/Password is 123/Documents/BluePrintDemonstrations-/Prototypes/Saved/Config/Windows/Scalability.ini]
[2019.02.21-06.21.44:818][  0]LogConfig: Setting CVar [[r.SkeletalMeshLODBias:0]]
[2019.02.21-06.21.44:818][  0]LogConfig: Setting CVar [[r.ViewDistanceScale:1.0]]
[2019.02.21-06.21.44:818][  0]LogConfig: Applying CVar settings from Section [AntiAliasingQuality@3] File [C:/Users/Password is 123/Documents/BluePrintDemonstrations-/Prototypes/Saved/Config/Windows/Scalability.ini]
[2019.02.21-06.21.44:818][  0]LogConfig: Setting CVar [[r.PostProcessAAQuality:4]]
[2019.02.21-06.21.44:818][  0]LogConfig: Applying CVar settings from Section [ShadowQuality@3] File [C:/Users/Password is 123/Documents/BluePrintDemonstrations-/Prototypes/Saved/Config/Windows/Scalability.ini]
[2019.02.21-06.21.44:818][  0]LogConfig: Setting CVar [[r.LightFunctionQuality:1]]
[2019.02.21-06.21.44:818][  0]LogConfig: Setting CVar [[r.ShadowQuality:5]]
[2019.02.21-06.21.44:818][  0]LogConfig: Setting CVar [[r.Shadow.CSM.MaxCascades:10]]
[2019.02.21-06.21.44:818][  0]LogConfig: Setting CVar [[r.Shadow.MaxResolution:2048]]
[2019.02.21-06.21.44:818][  0]LogConfig: Setting CVar [[r.Shadow.MaxCSMResolution:2048]]
[2019.02.21-06.21.44:818][  0]LogConfig: Setting CVar [[r.Shadow.RadiusThreshold:0.01]]
[2019.02.21-06.21.44:818][  0]LogConfig: Setting CVar [[r.Shadow.DistanceScale:1.0]]
[2019.02.21-06.21.44:818][  0]LogConfig: Setting CVar [[r.Shadow.CSM.TransitionScale:1.0]]
[2019.02.21-06.21.44:818][  0]LogConfig: Setting CVar [[r.Shadow.PreShadowResolutionFactor:1.0]]
[2019.02.21-06.21.44:818][  0]LogConfig: Setting CVar [[r.DistanceFieldShadowing:1]]
[2019.02.21-06.21.44:818][  0]LogConfig: Setting CVar [[r.DistanceFieldAO:1]]
[2019.02.21-06.21.44:818][  0]LogConfig: Setting CVar [[r.AOQuality:2]]
[2019.02.21-06.21.44:818][  0]LogConfig: Setting CVar [[r.VolumetricFog:1]]
[2019.02.21-06.21.44:818][  0]LogConfig: Setting CVar [[r.VolumetricFog.GridPixelSize:8]]
[2019.02.21-06.21.44:818][  0]LogConfig: Setting CVar [[r.VolumetricFog.GridSizeZ:128]]
[2019.02.21-06.21.44:818][  0]LogConfig: Setting CVar [[r.VolumetricFog.HistoryMissSupersampleCount:4]]
[2019.02.21-06.21.44:818][  0]LogConfig: Setting CVar [[r.LightMaxDrawDistanceScale:1]]
[2019.02.21-06.21.44:818][  0]LogConfig: Setting CVar [[r.CapsuleShadows:1]]
[2019.02.21-06.21.44:819][  0]LogConfig: Applying CVar settings from Section [PostProcessQuality@3] File [C:/Users/Password is 123/Documents/BluePrintDemonstrations-/Prototypes/Saved/Config/Windows/Scalability.ini]
[2019.02.21-06.21.44:819][  0]LogConfig: Setting CVar [[r.MotionBlurQuality:4]]
[2019.02.21-06.21.44:819][  0]LogConfig: Setting CVar [[r.AmbientOcclusionMipLevelFactor:0.4]]
[2019.02.21-06.21.44:819][  0]LogConfig: Setting CVar [[r.AmbientOcclusionMaxQuality:100]]
[2019.02.21-06.21.44:819][  0]LogConfig: Setting CVar [[r.AmbientOcclusionLevels:-1]]
[2019.02.21-06.21.44:819][  0]LogConfig: Setting CVar [[r.AmbientOcclusionRadiusScale:1.0]]
[2019.02.21-06.21.44:819][  0]LogConfig: Setting CVar [[r.DepthOfFieldQuality:2]]
[2019.02.21-06.21.44:819][  0]LogConfig: Setting CVar [[r.RenderTargetPoolMin:400]]
[2019.02.21-06.21.44:819][  0]LogConfig: Setting CVar [[r.LensFlareQuality:2]]
[2019.02.21-06.21.44:819][  0]LogConfig: Setting CVar [[r.SceneColorFringeQuality:1]]
[2019.02.21-06.21.44:819][  0]LogConfig: Setting CVar [[r.EyeAdaptationQuality:2]]
[2019.02.21-06.21.44:819][  0]LogConfig: Setting CVar [[r.BloomQuality:5]]
[2019.02.21-06.21.44:819][  0]LogConfig: Setting CVar [[r.FastBlurThreshold:100]]
[2019.02.21-06.21.44:819][  0]LogConfig: Setting CVar [[r.Upscale.Quality:3]]
[2019.02.21-06.21.44:819][  0]LogConfig: Setting CVar [[r.Tonemapper.GrainQuantization:1]]
[2019.02.21-06.21.44:819][  0]LogConfig: Setting CVar [[r.LightShaftQuality:1]]
[2019.02.21-06.21.44:819][  0]LogConfig: Setting CVar [[r.Filter.SizeScale:1]]
[2019.02.21-06.21.44:819][  0]LogConfig: Setting CVar [[r.Tonemapper.Quality:5]]
[2019.02.21-06.21.44:819][  0]LogConfig: Setting CVar [[r.DOF.Gather.AccumulatorQuality:1        ; higher gathering accumulator quality]]
[2019.02.21-06.21.44:819][  0]LogConfig: Setting CVar [[r.DOF.Gather.PostfilterMethod:1          ; Median3x3 postfilering method]]
[2019.02.21-06.21.44:819][  0]LogConfig: Setting CVar [[r.DOF.Gather.EnableBokehSettings:0       ; no bokeh simulation when gathering]]
[2019.02.21-06.21.44:819][  0]LogConfig: Setting CVar [[r.DOF.Gather.RingCount:4                 ; medium number of samples when gathering]]
[2019.02.21-06.21.44:819][  0]LogConfig: Setting CVar [[r.DOF.Scatter.ForegroundCompositing:1    ; additive foreground scattering]]
[2019.02.21-06.21.44:819][  0]LogConfig: Setting CVar [[r.DOF.Scatter.BackgroundCompositing:2    ; additive background scattering]]
[2019.02.21-06.21.44:819][  0]LogConfig: Setting CVar [[r.DOF.Scatter.EnableBokehSettings:1      ; bokeh simulation when scattering]]
[2019.02.21-06.21.44:819][  0]LogConfig: Setting CVar [[r.DOF.Scatter.MaxSpriteRatio:0.1         ; only a maximum of 10% of scattered bokeh]]
[2019.02.21-06.21.44:819][  0]LogConfig: Setting CVar [[r.DOF.Recombine.Quality:1                ; cheap slight out of focus]]
[2019.02.21-06.21.44:819][  0]LogConfig: Setting CVar [[r.DOF.Recombine.EnableBokehSettings:0    ; no bokeh simulation on slight out of focus]]
[2019.02.21-06.21.44:819][  0]LogConfig: Setting CVar [[r.DOF.TemporalAAQuality:1                ; more stable temporal accumulation]]
[2019.02.21-06.21.44:819][  0]LogConfig: Setting CVar [[r.DOF.Kernel.MaxForegroundRadius:0.025]]
[2019.02.21-06.21.44:819][  0]LogConfig: Setting CVar [[r.DOF.Kernel.MaxBackgroundRadius:0.025]]
[2019.02.21-06.21.44:819][  0]LogConfig: Applying CVar settings from Section [TextureQuality@3] File [C:/Users/Password is 123/Documents/BluePrintDemonstrations-/Prototypes/Saved/Config/Windows/Scalability.ini]
[2019.02.21-06.21.44:819][  0]LogConfig: Setting CVar [[r.Streaming.MipBias:0]]
[2019.02.21-06.21.44:819][  0]LogConfig: Setting CVar [[r.Streaming.AmortizeCPUToGPUCopy:0]]
[2019.02.21-06.21.44:819][  0]LogConfig: Setting CVar [[r.Streaming.MaxNumTexturesToStreamPerFrame:0]]
[2019.02.21-06.21.44:819][  0]LogConfig: Setting CVar [[r.Streaming.Boost:1]]
[2019.02.21-06.21.44:819][  0]LogConfig: Setting CVar [[r.MaxAnisotropy:8]]
[2019.02.21-06.21.44:819][  0]LogConfig: Setting CVar [[r.Streaming.LimitPoolSizeToVRAM:0]]
[2019.02.21-06.21.44:819][  0]LogConfig: Setting CVar [[r.Streaming.PoolSize:1000]]
[2019.02.21-06.21.44:819][  0]LogConfig: Setting CVar [[r.Streaming.MaxEffectiveScreenSize:0]]
[2019.02.21-06.21.44:819][  0]LogConfig: Applying CVar settings from Section [EffectsQuality@3] File [C:/Users/Password is 123/Documents/BluePrintDemonstrations-/Prototypes/Saved/Config/Windows/Scalability.ini]
[2019.02.21-06.21.44:819][  0]LogConfig: Setting CVar [[r.TranslucencyLightingVolumeDim:64]]
[2019.02.21-06.21.44:819][  0]LogConfig: Setting CVar [[r.RefractionQuality:2]]
[2019.02.21-06.21.44:819][  0]LogConfig: Setting CVar [[r.SSR.Quality:3]]
[2019.02.21-06.21.44:819][  0]LogConfig: Setting CVar [[r.SceneColorFormat:4]]
[2019.02.21-06.21.44:819][  0]LogConfig: Setting CVar [[r.DetailMode:2]]
[2019.02.21-06.21.44:819][  0]LogConfig: Setting CVar [[r.TranslucencyVolumeBlur:1]]
[2019.02.21-06.21.44:819][  0]LogConfig: Setting CVar [[r.MaterialQualityLevel:1 ; High quality]]
[2019.02.21-06.21.44:819][  0]LogConfig: Setting CVar [[r.SSS.Scale:1]]
[2019.02.21-06.21.44:819][  0]LogConfig: Setting CVar [[r.SSS.SampleSet:2]]
[2019.02.21-06.21.44:819][  0]LogConfig: Setting CVar [[r.SSS.Quality:1]]
[2019.02.21-06.21.44:820][  0]LogConfig: Setting CVar [[r.SSS.HalfRes:1]]
[2019.02.21-06.21.44:820][  0]LogConfig: Setting CVar [[r.EmitterSpawnRateScale:1.0]]
[2019.02.21-06.21.44:820][  0]LogConfig: Setting CVar [[r.ParticleLightQuality:2]]
[2019.02.21-06.21.44:820][  0]LogConfig: Applying CVar settings from Section [FoliageQuality@3] File [C:/Users/Password is 123/Documents/BluePrintDemonstrations-/Prototypes/Saved/Config/Windows/Scalability.ini]
[2019.02.21-06.21.44:820][  0]LogConfig: Setting CVar [[foliage.DensityScale:1.0]]
[2019.02.21-06.21.44:820][  0]LogConfig: Setting CVar [[grass.DensityScale:1.0]]
[2019.02.21-06.21.44:820][  0]LogInit: Selected Device Profile: [Windows]
[2019.02.21-06.21.44:820][  0]LogInit: Applying CVar settings loaded from the selected device profile: [Windows]
[2019.02.21-06.21.44:844][  0]LogHAL: Display: Platform has ~ 8 GB [8552824832 / 8589934592 / 8], which maps to Default [LargestMinGB=32, LargerMinGB=12, DefaultMinGB=8, SmallerMinGB=6, SmallestMinGB=0)
[2019.02.21-06.21.44:844][  0]LogConfig: Setting CVar [[r.Vulkan.UseRealUBs:1]]
[2019.02.21-06.21.44:844][  0]LogInit: Going up to parent DeviceProfile []
[2019.02.21-06.21.44:844][  0]LogConfig: Applying CVar settings from Section [ViewDistanceQuality@3] File [C:/Users/Password is 123/Documents/BluePrintDemonstrations-/Prototypes/Saved/Config/Windows/Scalability.ini]
[2019.02.21-06.21.44:844][  0]LogConfig: Setting CVar [[r.SkeletalMeshLODBias:0]]
[2019.02.21-06.21.44:844][  0]LogConfig: Setting CVar [[r.ViewDistanceScale:1.0]]
[2019.02.21-06.21.44:844][  0]LogConfig: Applying CVar settings from Section [AntiAliasingQuality@3] File [C:/Users/Password is 123/Documents/BluePrintDemonstrations-/Prototypes/Saved/Config/Windows/Scalability.ini]
[2019.02.21-06.21.44:844][  0]LogConfig: Setting CVar [[r.PostProcessAAQuality:4]]
[2019.02.21-06.21.44:844][  0]LogConfig: Applying CVar settings from Section [ShadowQuality@3] File [C:/Users/Password is 123/Documents/BluePrintDemonstrations-/Prototypes/Saved/Config/Windows/Scalability.ini]
[2019.02.21-06.21.44:844][  0]LogConfig: Setting CVar [[r.LightFunctionQuality:1]]
[2019.02.21-06.21.44:844][  0]LogConfig: Setting CVar [[r.ShadowQuality:5]]
[2019.02.21-06.21.44:844][  0]LogConfig: Setting CVar [[r.Shadow.CSM.MaxCascades:10]]
[2019.02.21-06.21.44:844][  0]LogConfig: Setting CVar [[r.Shadow.MaxResolution:2048]]
[2019.02.21-06.21.44:844][  0]LogConfig: Setting CVar [[r.Shadow.MaxCSMResolution:2048]]
[2019.02.21-06.21.44:844][  0]LogConfig: Setting CVar [[r.Shadow.RadiusThreshold:0.01]]
[2019.02.21-06.21.44:844][  0]LogConfig: Setting CVar [[r.Shadow.DistanceScale:1.0]]
[2019.02.21-06.21.44:845][  0]LogConfig: Setting CVar [[r.Shadow.CSM.TransitionScale:1.0]]
[2019.02.21-06.21.44:845][  0]LogConfig: Setting CVar [[r.Shadow.PreShadowResolutionFactor:1.0]]
[2019.02.21-06.21.44:845][  0]LogConfig: Setting CVar [[r.DistanceFieldShadowing:1]]
[2019.02.21-06.21.44:845][  0]LogConfig: Setting CVar [[r.DistanceFieldAO:1]]
[2019.02.21-06.21.44:845][  0]LogConfig: Setting CVar [[r.AOQuality:2]]
[2019.02.21-06.21.44:845][  0]LogConfig: Setting CVar [[r.VolumetricFog:1]]
[2019.02.21-06.21.44:845][  0]LogConfig: Setting CVar [[r.VolumetricFog.GridPixelSize:8]]
[2019.02.21-06.21.44:845][  0]LogConfig: Setting CVar [[r.VolumetricFog.GridSizeZ:128]]
[2019.02.21-06.21.44:845][  0]LogConfig: Setting CVar [[r.VolumetricFog.HistoryMissSupersampleCount:4]]
[2019.02.21-06.21.44:845][  0]LogConfig: Setting CVar [[r.LightMaxDrawDistanceScale:1]]
[2019.02.21-06.21.44:845][  0]LogConfig: Setting CVar [[r.CapsuleShadows:1]]
[2019.02.21-06.21.44:845][  0]LogConfig: Applying CVar settings from Section [PostProcessQuality@3] File [C:/Users/Password is 123/Documents/BluePrintDemonstrations-/Prototypes/Saved/Config/Windows/Scalability.ini]
[2019.02.21-06.21.44:845][  0]LogConfig: Setting CVar [[r.MotionBlurQuality:4]]
[2019.02.21-06.21.44:845][  0]LogConfig: Setting CVar [[r.AmbientOcclusionMipLevelFactor:0.4]]
[2019.02.21-06.21.44:845][  0]LogConfig: Setting CVar [[r.AmbientOcclusionMaxQuality:100]]
[2019.02.21-06.21.44:845][  0]LogConfig: Setting CVar [[r.AmbientOcclusionLevels:-1]]
[2019.02.21-06.21.44:845][  0]LogConfig: Setting CVar [[r.AmbientOcclusionRadiusScale:1.0]]
[2019.02.21-06.21.44:845][  0]LogConfig: Setting CVar [[r.DepthOfFieldQuality:2]]
[2019.02.21-06.21.44:845][  0]LogConfig: Setting CVar [[r.RenderTargetPoolMin:400]]
[2019.02.21-06.21.44:845][  0]LogConfig: Setting CVar [[r.LensFlareQuality:2]]
[2019.02.21-06.21.44:845][  0]LogConfig: Setting CVar [[r.SceneColorFringeQuality:1]]
[2019.02.21-06.21.44:845][  0]LogConfig: Setting CVar [[r.EyeAdaptationQuality:2]]
[2019.02.21-06.21.44:845][  0]LogConfig: Setting CVar [[r.BloomQuality:5]]
[2019.02.21-06.21.44:845][  0]LogConfig: Setting CVar [[r.FastBlurThreshold:100]]
[2019.02.21-06.21.44:845][  0]LogConfig: Setting CVar [[r.Upscale.Quality:3]]
[2019.02.21-06.21.44:845][  0]LogConfig: Setting CVar [[r.Tonemapper.GrainQuantization:1]]
[2019.02.21-06.21.44:845][  0]LogConfig: Setting CVar [[r.LightShaftQuality:1]]
[2019.02.21-06.21.44:845][  0]LogConfig: Setting CVar [[r.Filter.SizeScale:1]]
[2019.02.21-06.21.44:845][  0]LogConfig: Setting CVar [[r.Tonemapper.Quality:5]]
[2019.02.21-06.21.44:845][  0]LogConfig: Setting CVar [[r.DOF.Gather.AccumulatorQuality:1        ; higher gathering accumulator quality]]
[2019.02.21-06.21.44:845][  0]LogConfig: Setting CVar [[r.DOF.Gather.PostfilterMethod:1          ; Median3x3 postfilering method]]
[2019.02.21-06.21.44:845][  0]LogConfig: Setting CVar [[r.DOF.Gather.EnableBokehSettings:0       ; no bokeh simulation when gathering]]
[2019.02.21-06.21.44:845][  0]LogConfig: Setting CVar [[r.DOF.Gather.RingCount:4                 ; medium number of samples when gathering]]
[2019.02.21-06.21.44:845][  0]LogConfig: Setting CVar [[r.DOF.Scatter.ForegroundCompositing:1    ; additive foreground scattering]]
[2019.02.21-06.21.44:845][  0]LogConfig: Setting CVar [[r.DOF.Scatter.BackgroundCompositing:2    ; additive background scattering]]
[2019.02.21-06.21.44:845][  0]LogConfig: Setting CVar [[r.DOF.Scatter.EnableBokehSettings:1      ; bokeh simulation when scattering]]
[2019.02.21-06.21.44:845][  0]LogConfig: Setting CVar [[r.DOF.Scatter.MaxSpriteRatio:0.1         ; only a maximum of 10% of scattered bokeh]]
[2019.02.21-06.21.44:845][  0]LogConfig: Setting CVar [[r.DOF.Recombine.Quality:1                ; cheap slight out of focus]]
[2019.02.21-06.21.44:845][  0]LogConfig: Setting CVar [[r.DOF.Recombine.EnableBokehSettings:0    ; no bokeh simulation on slight out of focus]]
[2019.02.21-06.21.44:845][  0]LogConfig: Setting CVar [[r.DOF.TemporalAAQuality:1                ; more stable temporal accumulation]]
[2019.02.21-06.21.44:845][  0]LogConfig: Setting CVar [[r.DOF.Kernel.MaxForegroundRadius:0.025]]
[2019.02.21-06.21.44:845][  0]LogConfig: Setting CVar [[r.DOF.Kernel.MaxBackgroundRadius:0.025]]
[2019.02.21-06.21.44:845][  0]LogConfig: Applying CVar settings from Section [TextureQuality@3] File [C:/Users/Password is 123/Documents/BluePrintDemonstrations-/Prototypes/Saved/Config/Windows/Scalability.ini]
[2019.02.21-06.21.44:845][  0]LogConfig: Setting CVar [[r.Streaming.MipBias:0]]
[2019.02.21-06.21.44:845][  0]LogConfig: Setting CVar [[r.Streaming.AmortizeCPUToGPUCopy:0]]
[2019.02.21-06.21.44:845][  0]LogConfig: Setting CVar [[r.Streaming.MaxNumTexturesToStreamPerFrame:0]]
[2019.02.21-06.21.44:845][  0]LogConfig: Setting CVar [[r.Streaming.Boost:1]]
[2019.02.21-06.21.44:845][  0]LogConfig: Setting CVar [[r.MaxAnisotropy:8]]
[2019.02.21-06.21.44:845][  0]LogConfig: Setting CVar [[r.Streaming.LimitPoolSizeToVRAM:0]]
[2019.02.21-06.21.44:845][  0]LogConfig: Setting CVar [[r.Streaming.PoolSize:1000]]
[2019.02.21-06.21.44:845][  0]LogConfig: Setting CVar [[r.Streaming.MaxEffectiveScreenSize:0]]
[2019.02.21-06.21.44:845][  0]LogConfig: Applying CVar settings from Section [EffectsQuality@3] File [C:/Users/Password is 123/Documents/BluePrintDemonstrations-/Prototypes/Saved/Config/Windows/Scalability.ini]
[2019.02.21-06.21.44:845][  0]LogConfig: Setting CVar [[r.TranslucencyLightingVolumeDim:64]]
[2019.02.21-06.21.44:845][  0]LogConfig: Setting CVar [[r.RefractionQuality:2]]
[2019.02.21-06.21.44:846][  0]LogConfig: Setting CVar [[r.SSR.Quality:3]]
[2019.02.21-06.21.44:846][  0]LogConfig: Setting CVar [[r.SceneColorFormat:4]]
[2019.02.21-06.21.44:846][  0]LogConfig: Setting CVar [[r.DetailMode:2]]
[2019.02.21-06.21.44:846][  0]LogConfig: Setting CVar [[r.TranslucencyVolumeBlur:1]]
[2019.02.21-06.21.44:846][  0]LogConfig: Setting CVar [[r.MaterialQualityLevel:1 ; High quality]]
[2019.02.21-06.21.44:846][  0]LogConfig: Setting CVar [[r.SSS.Scale:1]]
[2019.02.21-06.21.44:846][  0]LogConfig: Setting CVar [[r.SSS.SampleSet:2]]
[2019.02.21-06.21.44:846][  0]LogConfig: Setting CVar [[r.SSS.Quality:1]]
[2019.02.21-06.21.44:846][  0]LogConfig: Setting CVar [[r.SSS.HalfRes:1]]
[2019.02.21-06.21.44:846][  0]LogConfig: Setting CVar [[r.EmitterSpawnRateScale:1.0]]
[2019.02.21-06.21.44:846][  0]LogConfig: Setting CVar [[r.ParticleLightQuality:2]]
[2019.02.21-06.21.44:846][  0]LogConfig: Applying CVar settings from Section [FoliageQuality@3] File [C:/Users/Password is 123/Documents/BluePrintDemonstrations-/Prototypes/Saved/Config/Windows/Scalability.ini]
[2019.02.21-06.21.44:846][  0]LogConfig: Setting CVar [[foliage.DensityScale:1.0]]
[2019.02.21-06.21.44:846][  0]LogConfig: Setting CVar [[grass.DensityScale:1.0]]
[2019.02.21-06.21.44:846][  0]LogConfig: Applying CVar settings from Section [Startup] File [../../../Engine/Config/ConsoleVariables.ini]
[2019.02.21-06.21.44:846][  0]LogConfig: Setting CVar [[net.UseAdaptiveNetUpdateFrequency:0]]
[2019.02.21-06.21.44:846][  0]LogConfig: Applying CVar settings from Section [ConsoleVariables] File [C:/Users/Password is 123/Documents/BluePrintDemonstrations-/Prototypes/Saved/Config/Windows/Engine.ini]
[2019.02.21-06.21.44:846][  0]LogInit: Computer: KEVINCHUPC
[2019.02.21-06.21.44:846][  0]LogInit: User: Passwordis123
[2019.02.21-06.21.44:846][  0]LogInit: CPU Page size=4096, Cores=4
[2019.02.21-06.21.44:846][  0]LogInit: High frequency timer resolution =3.433586 MHz
[2019.02.21-06.21.44:847][  0]LogMemory: Memory total: Physical=8.0GB (8GB approx)
[2019.02.21-06.21.44:847][  0]LogMemory: Platform Memory Stats for Windows
[2019.02.21-06.21.44:847][  0]LogMemory: Process Physical Memory: 100.18 MB used, 100.18 MB peak
[2019.02.21-06.21.44:847][  0]LogMemory: Process Virtual Memory: 91.14 MB used, 91.14 MB peak
[2019.02.21-06.21.44:847][  0]LogMemory: Physical Memory: 3741.00 MB used,  4415.61 MB free, 8156.61 MB total
[2019.02.21-06.21.44:847][  0]LogMemory: Virtual Memory: 497.74 MB used,  134217232.00 MB free, 134217728.00 MB total
[2019.02.21-06.21.44:870][  0]LogInit: Using OS detected language (en-US).
[2019.02.21-06.21.44:870][  0]LogInit: Using OS detected locale (en-CA).
[2019.02.21-06.21.44:871][  0]LogTextLocalizationManager: No specific localization for 'en-US' exists, so the 'en' localization will be used.
[2019.02.21-06.21.45:385][  0]LogStreaming: Display: Took  0.515s to InitEngineTextLocalization.
[2019.02.21-06.21.45:386][  0]LogInit: Setting process to per monitor DPI aware
[2019.02.21-06.21.45:455][  0]LogSlate: New Slate User Created.  User Index 0, Is Virtual User: 0
[2019.02.21-06.21.45:455][  0]LogSlate: Slate User Registered.  User Index 0, Is Virtual User: 0
[2019.02.21-06.21.45:687][  0]LogHMD: Failed to initialize OpenVR with code 110
[2019.02.21-06.21.45:687][  0]LogD3D11RHI: D3D11 adapters:
[2019.02.21-06.21.45:738][  0]LogD3D11RHI:    0. 'NVIDIA GeForce GTX 970' (Feature Level 11_0)
[2019.02.21-06.21.45:738][  0]LogD3D11RHI:       3992/0/4078 MB DedicatedVideo/DedicatedSystem/SharedSystem, Outputs:1, VendorId:0x10de
[2019.02.21-06.21.45:740][  0]LogD3D11RHI:    1. 'Microsoft Basic Render Driver' (Feature Level 11_0)
[2019.02.21-06.21.45:740][  0]LogD3D11RHI:       0/0/256 MB DedicatedVideo/DedicatedSystem/SharedSystem, Outputs:0, VendorId:0x1414
[2019.02.21-06.21.45:740][  0]LogD3D11RHI: Chosen D3D11 Adapter: 0
[2019.02.21-06.21.45:746][  0]LogD3D11RHI: Creating new Direct3DDevice
[2019.02.21-06.21.45:746][  0]LogD3D11RHI:     GPU DeviceId: 0x13c2 (for the marketing name, search the web for "GPU Device Id")
[2019.02.21-06.21.45:746][  0]LogWindows: EnumDisplayDevices:
[2019.02.21-06.21.45:746][  0]LogWindows:    0. 'NVIDIA GeForce GTX 970' (P:1 D:1)
[2019.02.21-06.21.45:746][  0]LogWindows:    1. 'NVIDIA GeForce GTX 970' (P:0 D:0)
[2019.02.21-06.21.45:746][  0]LogWindows:    2. 'NVIDIA GeForce GTX 970' (P:0 D:0)
[2019.02.21-06.21.45:746][  0]LogWindows:    3. 'NVIDIA GeForce GTX 970' (P:0 D:0)
[2019.02.21-06.21.45:747][  0]LogWindows: DebugString: FoundDriverCount:4 
[2019.02.21-06.21.45:747][  0]LogD3D11RHI:     Adapter Name: NVIDIA GeForce GTX 970
[2019.02.21-06.21.45:747][  0]LogD3D11RHI:   Driver Version: 416.94 (internal:25.21.14.1694, unified:416.94)
[2019.02.21-06.21.45:747][  0]LogD3D11RHI:      Driver Date: 11-12-2018
[2019.02.21-06.21.45:747][  0]LogRHI: Texture pool is 2794 MB (70% of 3992 MB)
[2019.02.21-06.21.45:784][  0]LogD3D11RHI: Async texture creation enabled
[2019.02.21-06.21.45:820][  0]LogD3D11RHI: GPU Timing Frequency: 1000.000000 (Debug: 2 2)
[2019.02.21-06.21.46:301][  0]LogTemp: Display: Loaded TP AllDesktopTargetPlatform
[2019.02.21-06.21.46:321][  0]LogTemp: Display: Loaded TP MacClientTargetPlatform
[2019.02.21-06.21.46:340][  0]LogTemp: Display: Loaded TP MacNoEditorTargetPlatform
[2019.02.21-06.21.46:360][  0]LogTemp: Display: Loaded TP MacServerTargetPlatform
[2019.02.21-06.21.46:379][  0]LogTemp: Display: Loaded TP MacTargetPlatform
[2019.02.21-06.21.46:399][  0]LogTemp: Display: Loaded TP WindowsClientTargetPlatform
[2019.02.21-06.21.46:418][  0]LogTemp: Display: Loaded TP WindowsNoEditorTargetPlatform
[2019.02.21-06.21.46:438][  0]LogTemp: Display: Loaded TP WindowsServerTargetPlatform
[2019.02.21-06.21.46:447][  0]LogTemp: Display: Loaded TP WindowsTargetPlatform
[2019.02.21-06.21.46:559][  0]LogTemp: Display: Loaded TP AndroidTargetPlatform
[2019.02.21-06.21.46:559][  0]LogTemp: Display: Loaded TP AndroidTargetPlatform
[2019.02.21-06.21.46:559][  0]LogTemp: Display: Loaded TP AndroidTargetPlatform
[2019.02.21-06.21.46:559][  0]LogTemp: Display: Loaded TP AndroidTargetPlatform
[2019.02.21-06.21.46:559][  0]LogTemp: Display: Loaded TP AndroidTargetPlatform
[2019.02.21-06.21.46:559][  0]LogTemp: Display: Loaded TP AndroidTargetPlatform
[2019.02.21-06.21.46:559][  0]LogTemp: Display: Loaded TP AndroidTargetPlatform
[2019.02.21-06.21.46:559][  0]LogTemp: Display: Loaded TP AndroidTargetPlatform
[2019.02.21-06.21.46:559][  0]LogTemp: Display: Loaded TP AndroidTargetPlatform
[2019.02.21-06.21.46:559][  0]LogTemp: Display: Loaded TP AndroidTargetPlatform
[2019.02.21-06.21.46:559][  0]LogTemp: Display: Loaded TP AndroidTargetPlatform
[2019.02.21-06.21.46:559][  0]LogTemp: Display: Loaded TP AndroidTargetPlatform
[2019.02.21-06.21.46:559][  0]LogTemp: Display: Loaded TP AndroidTargetPlatform
[2019.02.21-06.21.46:559][  0]LogTemp: Display: Loaded TP AndroidTargetPlatform
[2019.02.21-06.21.46:559][  0]LogTemp: Display: Loaded TP AndroidTargetPlatform
[2019.02.21-06.21.46:559][  0]LogTemp: Display: Loaded TP AndroidTargetPlatform
[2019.02.21-06.21.46:559][  0]LogTemp: Display: Loaded TP AndroidTargetPlatform
[2019.02.21-06.21.46:559][  0]LogTemp: Display: Loaded TP AndroidTargetPlatform
[2019.02.21-06.21.46:561][  0]LogTemp: Display: Loaded TP HTML5TargetPlatform
[2019.02.21-06.21.46:634][  0]LogTemp: Display: Loaded TP IOSTargetPlatform
[2019.02.21-06.21.46:634][  0]LogTemp: Display: Loaded TP IOSTargetPlatform
[2019.02.21-06.21.46:670][  0]LogTemp: Display: Loaded TP TVOSTargetPlatform
[2019.02.21-06.21.46:670][  0]LogTemp: Display: Loaded TP TVOSTargetPlatform
[2019.02.21-06.21.46:689][  0]LogTemp: Display: Loaded TP LinuxClientTargetPlatform
[2019.02.21-06.21.46:707][  0]LogTemp: Display: Loaded TP LinuxNoEditorTargetPlatform
[2019.02.21-06.21.46:726][  0]LogTemp: Display: Loaded TP LinuxServerTargetPlatform
[2019.02.21-06.21.46:746][  0]LogTemp: Display: Loaded TP LinuxTargetPlatform
[2019.02.21-06.21.46:815][  0]LogTemp: Display: Loaded TP LuminTargetPlatform
[2019.02.21-06.21.46:815][  0]LogTemp: Display: Loaded TP LuminTargetPlatform
[2019.02.21-06.21.46:815][  0]LogTargetPlatformManager: Display: Building Assets For Windows
[2019.02.21-06.21.46:877][  0]LogShaderCompilers: Guid format shader working directory is -29 characters bigger than the processId version (../../../../../../Users/Password is 123/Documents/BluePrintDemonstrations-/Prototypes/Intermediate/Shaders/WorkingDirectory/7860/).
[2019.02.21-06.21.46:878][  0]LogShaderCompilers: Cleaned the shader compiler working directory 'C:/Users/Password is 123/AppData/Local/Temp/UnrealShaderWorkingDir/1DAD62924B4DA4BAE413899A9C372A2E/'.
[2019.02.21-06.21.46:880][  0]LogXGEController: Cannot use XGE Controller as Incredibuild is not installed on this machine.
[2019.02.21-06.21.46:880][  0]LogShaderCompilers: Cannot use XGE Shader Compiler as Incredibuild is not installed on this machine.
[2019.02.21-06.21.46:880][  0]LogShaderCompilers: Display: Using Local Shader Compiler.
[2019.02.21-06.21.47:726][  0]LogDerivedDataCache: Display: Max Cache Size: 512 MB
[2019.02.21-06.21.47:825][  0]LogDerivedDataCache: Loaded boot cache 0.10s 71MB C:/Users/Password is 123/AppData/Local/UnrealEngine/4.21/DerivedDataCache/Boot.ddc.
[2019.02.21-06.21.47:825][  0]LogDerivedDataCache: Display: Loaded Boot cache: C:/Users/Password is 123/AppData/Local/UnrealEngine/4.21/DerivedDataCache/Boot.ddc
[2019.02.21-06.21.47:825][  0]LogDerivedDataCache: FDerivedDataBackendGraph:  Pak pak cache file ../../../../../../Users/Password is 123/Documents/BluePrintDemonstrations-/Prototypes/DerivedDataCache/DDC.ddp not found, will not use a pak cache.
[2019.02.21-06.21.47:825][  0]LogDerivedDataCache: Unable to find inner node Pak for hierarchical cache Hierarchy.
[2019.02.21-06.21.47:825][  0]LogDerivedDataCache: FDerivedDataBackendGraph:  CompressedPak pak cache file ../../../../../../Users/Password is 123/Documents/BluePrintDemonstrations-/Prototypes/DerivedDataCache/Compressed.ddp not found, will not use a pak cache.
[2019.02.21-06.21.47:825][  0]LogDerivedDataCache: Unable to find inner node CompressedPak for hierarchical cache Hierarchy.
[2019.02.21-06.21.47:847][  0]LogDerivedDataCache: Display: Pak cache opened for reading ../../../Engine/DerivedDataCache/Compressed.ddp.
[2019.02.21-06.21.47:847][  0]LogDerivedDataCache: FDerivedDataBackendGraph:  EnterprisePak pak cache file ../../../Enterprise/DerivedDataCache/Compressed.ddp not found, will not use a pak cache.
[2019.02.21-06.21.47:847][  0]LogDerivedDataCache: Unable to find inner node EnterprisePak for hierarchical cache Hierarchy.
[2019.02.21-06.21.47:860][  0]LogDerivedDataCache: Using Local data cache path C:/Users/Password is 123/AppData/Local/UnrealEngine/Common/DerivedDataCache: Writable
[2019.02.21-06.21.47:860][  0]LogDerivedDataCache: Shared data cache path not found in *engine.ini, will not use an Shared cache.
[2019.02.21-06.21.47:860][  0]LogDerivedDataCache: Unable to find inner node Shared for hierarchical cache Hierarchy.
[2019.02.21-06.21.47:895][  0]LogMaterial: Verifying Global Shaders for PCD3D_SM5
[2019.02.21-06.21.47:897][  0]LogSlate: Using FreeType 2.6.0
[2019.02.21-06.21.47:897][  0]LogSlate: SlateFontServices - WITH_FREETYPE: 1, WITH_HARFBUZZ: 1
[2019.02.21-06.21.48:007][  0]LogAssetRegistry: FAssetRegistry took 0.0393 seconds to start up
[2019.02.21-06.21.48:518][  0]LogInit: Selected Device Profile: [Windows]
[2019.02.21-06.21.48:719][  0]LogSimplygon: Simplygon DLL not present - disabling.
[2019.02.21-06.21.48:722][  0]LogMeshReduction: Using SimplygonSwarm for distributed automatic mesh merging
[2019.02.21-06.21.48:722][  0]LogMeshReduction: Using ProxyLODMeshReduction for automatic mesh merging
[2019.02.21-06.21.48:722][  0]LogMeshReduction: Using QuadricMeshReduction for automatic static mesh reduction
[2019.02.21-06.21.48:722][  0]LogMeshReduction: No automatic skeletal mesh reduction module available
[2019.02.21-06.21.48:740][  0]LogNetVersion: Prototypes 1.0.0, NetCL: 4541578, EngineNetVer: 5, GameNetVer: 0 (Checksum: 3306367520)
[2019.02.21-06.21.49:429][  0]LogPackageLocalizationCache: Processed 11 localized package path(s) for 2 prioritized culture(s) in 0.129695 seconds
[2019.02.21-06.21.49:439][  0]LogUObjectArray: 39775 objects as part of root set at end of initial load.
[2019.02.21-06.21.49:439][  0]LogUObjectAllocator: 6914664 out of 0 bytes used by permanent object pool.
[2019.02.21-06.21.49:439][  0]LogUObjectArray: CloseDisregardForGC: 0/0 objects in disregard for GC pool
[2019.02.21-06.21.50:496][  0]LogTcpMessaging: Initializing TcpMessaging bridge
[2019.02.21-06.21.50:510][  0]LogUdpMessaging: Initializing bridge on interface 0.0.0.0:0 to multicast group 230.0.0.1:6666.
[2019.02.21-06.21.51:325][  0]SourceControl: Source control is disabled
[2019.02.21-06.21.51:325][  0]SourceControl: Source control is disabled
[2019.02.21-06.21.51:326][  0]SourceControl: Source control is disabled
[2019.02.21-06.21.51:327][  0]SourceControl: Source control is disabled
[2019.02.21-06.21.51:506][  0]LogAndroidPermission: UAndroidPermissionCallbackProxy::GetInstance
[2019.02.21-06.21.51:611][  0]LogOcInput: OculusInput pre-init called
[2019.02.21-06.21.51:764][  0]LogEngine: Initializing Engine...
[2019.02.21-06.21.51:764][  0]LogHMD: Failed to initialize OpenVR with code 110
[2019.02.21-06.21.51:766][  0]LogStats: UGameplayTagsManager::ConstructGameplayTagTree: ImportINI prefixes -  0.000 s
[2019.02.21-06.21.51:766][  0]LogStats: UGameplayTagsManager::ConstructGameplayTagTree: Construct from data asset -  0.000 s
[2019.02.21-06.21.51:766][  0]LogStats: UGameplayTagsManager::ConstructGameplayTagTree: ImportINI -  0.000 s
[2019.02.21-06.21.51:766][  0]LogStats: UGameplayTagsManager::ConstructGameplayTagTree: GameplayTagTreeChangedEvent.Broadcast -  0.000 s
[2019.02.21-06.21.52:105][  0]LogInit: Initializing FReadOnlyCVARCache
[2019.02.21-06.21.52:122][  0]LogAIModule: Creating AISystem for world Untitled
[2019.02.21-06.21.52:191][  0]LogInit: XAudio2 using 'Speakers (Realtek High Definition Audio)' : 2 channels at 44.1 kHz using 32 bits per sample (channel mask 0x3)
[2019.02.21-06.21.52:208][  0]LogInit: FAudioDevice initialized.
[2019.02.21-06.21.52:208][  0]LogNetVersion: Set ProjectVersion to 1.0.0.0. Version Checksum will be recalculated on next use.
[2019.02.21-06.21.52:378][  0]LogDerivedDataCache: Saved boot cache 0.17s 71MB C:/Users/Password is 123/AppData/Local/UnrealEngine/4.21/DerivedDataCache/Boot.ddc.
[2019.02.21-06.21.52:393][  0]LogInit: Texture streaming: Enabled
[2019.02.21-06.21.52:413][  0]LogEngineSessionManager: EngineSessionManager initialized
[2019.02.21-06.21.52:424][  0]LogInit: Transaction tracking system initialized
[2019.02.21-06.21.52:448][  0]BlueprintLog: New page: Editor Load
[2019.02.21-06.21.52:533][  0]LocalizationService: Localization service is disabled
[2019.02.21-06.21.53:140][  0]LogFileCache: Scanning file cache for directory 'C:/Users/Password is 123/Documents/BluePrintDemonstrations-/Prototypes/Content/' took 0.02s
[2019.02.21-06.21.53:140][  0]LogCook: Display: Max memory allowance for cook 16384mb min free memory 0mb
[2019.02.21-06.21.53:140][  0]LogCook: Display: Mobile HDR setting 1
[2019.02.21-06.21.53:140][  0]LogGameplayTags: Display: UGameplayTagsManager::DoneAddingNativeTags. DelegateIsBound: 0
[2019.02.21-06.21.53:140][  0]LogStats: UGameplayTagsManager::ConstructGameplayTagTree: ImportINI prefixes -  0.000 s
[2019.02.21-06.21.53:140][  0]LogStats: UGameplayTagsManager::ConstructGameplayTagTree: Construct from data asset -  0.000 s
[2019.02.21-06.21.53:140][  0]LogStats: UGameplayTagsManager::ConstructGameplayTagTree: ImportINI -  0.000 s
[2019.02.21-06.21.53:140][  0]LogStats: UGameplayTagsManager::ConstructGameplayTagTree: GameplayTagTreeChangedEvent.Broadcast -  0.000 s
[2019.02.21-06.21.53:289][  0]SourceControl: Source control is disabled
[2019.02.21-06.21.53:290][  0]Cmd: MAP LOAD FILE="../../../../../../Users/Password is 123/Documents/BluePrintDemonstrations-/Prototypes/Content/FirstPersonBP/Maps/FirstPersonExampleMap.umap" TEMPLATE=0 SHOWPROGRESS=1 FEATURELEVEL=3
[2019.02.21-06.21.53:290][  0]LightingResults: New page: Lighting Build
[2019.02.21-06.21.53:293][  0]MapCheck: New page: Map Check
[2019.02.21-06.21.53:293][  0]LightingResults: New page: Lighting Build
[2019.02.21-06.21.57:383][  0]LogTexture: Display: Building textures: HQ_Lightmap0_5 (AutoDXT, 64X64)
[2019.02.21-06.21.57:383][  0]LogTexture: Display: Building textures: HQ_Lightmap0_2 (AutoDXT, 2048X2048)
[2019.02.21-06.21.57:383][  0]LogTexture: Display: Building textures: HQ_Lightmap0_4 (AutoDXT, 2048X2048)
[2019.02.21-06.21.57:383][  0]LogTexture: Display: Building textures: HQ_Lightmap0_1 (AutoDXT, 2048X2048)
[2019.02.21-06.21.57:917][  0]LogTexture: Display: Building textures: HQ_Lightmap0_3 (AutoDXT, 2048X2048)
[2019.02.21-06.21.57:917][  0]LogTexture: Display: Building textures: LQ_Lightmap_0_1 (DXT1, 2048X2048)
[2019.02.21-06.21.57:917][  0]LogTexture: Display: Building textures: LQ_Lightmap_0_2 (DXT1, 2048X2048)
[2019.02.21-06.22.00:753][  0]LogTexture: Display: Building textures: LQ_Lightmap_0_3 (DXT1, 2048X2048)
[2019.02.21-06.22.00:753][  0]LogTexture: Display: Building textures: LQ_Lightmap_0_4 (DXT1, 2048X2048)
[2019.02.21-06.22.00:753][  0]LogTexture: Display: Building textures: LQ_Lightmap_0_5 (DXT1, 64X64)
[2019.02.21-06.22.00:753][  0]LogTexture: Display: Building textures: SkyOcclusion0_1 (AutoDXT, 2048X1024)
[2019.02.21-06.22.00:753][  0]LogTexture: Display: Building textures: SkyOcclusion0_2 (AutoDXT, 2048X1024)
[2019.02.21-06.22.00:753][  0]LogTexture: Display: Building textures: SkyOcclusion0_3 (AutoDXT, 2048X1024)
[2019.02.21-06.22.00:753][  0]LogTexture: Display: Building textures: SkyOcclusion0_4 (AutoDXT, 2048X1024)
[2019.02.21-06.22.00:753][  0]LogTexture: Display: Building textures: SkyOcclusion0_5 (AutoDXT, 64X32)
[2019.02.21-06.22.01:742][  0]LogAIModule: Creating AISystem for world FirstPersonExampleMap
[2019.02.21-06.22.01:756][  0]LogEditorServer: Finished looking for orphan Actors (0.000 secs)
[2019.02.21-06.22.01:904][  0]Cmd: MAP CHECKDEP NOCLEARLOG
[2019.02.21-06.22.01:904][  0]MapCheck: Map check complete: 0 Error(s), 0 Warning(s), took 0.146ms to complete.
[2019.02.21-06.22.01:904][  0]LogFileHelpers: Loading map 'FirstPersonExampleMap' took 8.614
[2019.02.21-06.22.02:150][  0]LogSlate: Updating window title bar state: overlay mode, drag disabled, window buttons hidden, title bar hidden
[2019.02.21-06.22.02:161][  0]LogSlate: Updating window title bar state: overlay mode, drag disabled, window buttons hidden, title bar hidden
[2019.02.21-06.22.02:170][  0]LogSlate: Updating window title bar state: overlay mode, drag disabled, window buttons hidden, title bar hidden
[2019.02.21-06.22.02:181][  0]LogSlate: Updating window title bar state: overlay mode, drag disabled, window buttons hidden, title bar hidden
[2019.02.21-06.22.02:235][  0]LogCollectionManager: Loaded 0 collections in 0.001630 seconds
[2019.02.21-06.22.02:301][  0]LogFileCache: Scanning file cache for directory 'C:/Users/Password is 123/Documents/BluePrintDemonstrations-/Prototypes/Saved/Collections/' took 0.01s
[2019.02.21-06.22.02:301][  0]LogFileCache: Scanning file cache for directory 'C:/Users/Password is 123/Documents/BluePrintDemonstrations-/Prototypes/Content/Developers/Passwordis123/Collections/' took 0.01s
[2019.02.21-06.22.02:301][  0]LogFileCache: Scanning file cache for directory 'C:/Users/Password is 123/Documents/BluePrintDemonstrations-/Prototypes/Content/Collections/' took 0.01s
[2019.02.21-06.22.02:301][  0]LogCollectionManager: Rebuilt the GUID cache for 0 collections in 0.000000 seconds
[2019.02.21-06.22.02:317][  0]LogContentBrowser: Native class hierarchy populated in 0.0153 seconds. Added 2651 classes and 620 folders.
[2019.02.21-06.22.02:341][  0]LogContentBrowser: Native class hierarchy updated for 'WidgetCarousel' in 0.0003 seconds. Added 0 classes and 0 folders.
[2019.02.21-06.22.02:471][  0]LogPakFile: Registered encryption key '00000000000000000000000000000000': 0 pak files mounted, 0 remain pending
[2019.02.21-06.22.02:520][  0]LogPakFile: Registered encryption key '00000000000000000000000000000000': 0 pak files mounted, 0 remain pending
[2019.02.21-06.22.02:552][  0]LogPakFile: Registered encryption key '00000000000000000000000000000000': 0 pak files mounted, 0 remain pending
[2019.02.21-06.22.02:559][  0]LogPakFile: Registered encryption key '00000000000000000000000000000000': 0 pak files mounted, 0 remain pending
[2019.02.21-06.22.02:566][  0]LogPakFile: Registered encryption key '00000000000000000000000000000000': 0 pak files mounted, 0 remain pending
[2019.02.21-06.22.02:573][  0]LogPakFile: Registered encryption key '00000000000000000000000000000000': 0 pak files mounted, 0 remain pending
[2019.02.21-06.22.02:579][  0]LogPakFile: Registered encryption key '00000000000000000000000000000000': 0 pak files mounted, 0 remain pending
[2019.02.21-06.22.02:585][  0]LogPakFile: Registered encryption key '00000000000000000000000000000000': 0 pak files mounted, 0 remain pending
[2019.02.21-06.22.02:593][  0]LogPakFile: Registered encryption key '00000000000000000000000000000000': 0 pak files mounted, 0 remain pending
[2019.02.21-06.22.02:630][  0]LogPakFile: Registered encryption key '00000000000000000000000000000000': 0 pak files mounted, 0 remain pending
[2019.02.21-06.22.02:637][  0]LogPakFile: Registered encryption key '00000000000000000000000000000000': 0 pak files mounted, 0 remain pending
[2019.02.21-06.22.02:644][  0]LogPakFile: Registered encryption key '00000000000000000000000000000000': 0 pak files mounted, 0 remain pending
[2019.02.21-06.22.02:653][  0]LogPakFile: Registered encryption key '00000000000000000000000000000000': 0 pak files mounted, 0 remain pending
[2019.02.21-06.22.02:661][  0]LogPakFile: Registered encryption key '00000000000000000000000000000000': 0 pak files mounted, 0 remain pending
[2019.02.21-06.22.02:669][  0]LogPakFile: Registered encryption key '00000000000000000000000000000000': 0 pak files mounted, 0 remain pending
[2019.02.21-06.22.02:676][  0]LogPakFile: Registered encryption key '00000000000000000000000000000000': 0 pak files mounted, 0 remain pending
[2019.02.21-06.22.02:723][  0]LogPakFile: Registered encryption key '00000000000000000000000000000000': 0 pak files mounted, 0 remain pending
[2019.02.21-06.22.02:731][  0]LogPakFile: Registered encryption key '00000000000000000000000000000000': 0 pak files mounted, 0 remain pending
[2019.02.21-06.22.02:739][  0]LogPakFile: Registered encryption key '00000000000000000000000000000000': 0 pak files mounted, 0 remain pending
[2019.02.21-06.22.02:772][  0]LogPakFile: Registered encryption key '00000000000000000000000000000000': 0 pak files mounted, 0 remain pending
[2019.02.21-06.22.02:832][  0]LogPakFile: Registered encryption key '00000000000000000000000000000000': 0 pak files mounted, 0 remain pending
[2019.02.21-06.22.02:839][  0]LogPakFile: Registered encryption key '00000000000000000000000000000000': 0 pak files mounted, 0 remain pending
[2019.02.21-06.22.02:846][  0]LogPakFile: Registered encryption key '00000000000000000000000000000000': 0 pak files mounted, 0 remain pending
[2019.02.21-06.22.02:855][  0]LogPakFile: Registered encryption key '00000000000000000000000000000000': 0 pak files mounted, 0 remain pending
[2019.02.21-06.22.02:863][  0]LogPakFile: Registered encryption key '00000000000000000000000000000000': 0 pak files mounted, 0 remain pending
[2019.02.21-06.22.02:871][  0]LogPakFile: Registered encryption key '00000000000000000000000000000000': 0 pak files mounted, 0 remain pending
[2019.02.21-06.22.04:571][  0]LogContentBrowser: Native class hierarchy updated for 'AddContentDialog' in 0.0003 seconds. Added 0 classes and 0 folders.
[2019.02.21-06.22.04:608][  0]LogContentBrowser: Native class hierarchy updated for 'SceneOutliner' in 0.0003 seconds. Added 1 classes and 2 folders.
[2019.02.21-06.22.04:625][  0]LogSlate: Took 0.000186 seconds to synchronously load lazily loaded font '../../../Engine/Content/Slate/Fonts/Roboto-Regular.ttf' (155K)
[2019.02.21-06.22.04:628][  0]LogSlate: Took 0.000139 seconds to synchronously load lazily loaded font '../../../Engine/Content/Slate/Fonts/Roboto-Bold.ttf' (160K)
[2019.02.21-06.22.04:660][  0]LogSlate: Took 0.027053 seconds to synchronously load lazily loaded font '../../../Engine/Content/Editor/Slate/Fonts/FontAwesome.ttf' (139K)
[2019.02.21-06.22.05:133][  0]LogRenderer: Reallocating scene render targets to support 944x576 Format 10 NumSamples 1 (Frame:1).
[2019.02.21-06.22.05:310][  0]LogContentBrowser: Native class hierarchy updated for 'HierarchicalLODOutliner' in 0.0003 seconds. Added 0 classes and 0 folders.
[2019.02.21-06.22.05:310][  0]LogLoad: (Engine Initialization) Total time: 22.37 seconds
[2019.02.21-06.22.05:310][  0]LogLoad: (Engine Initialization) Total Blueprint compile time: 0.00 seconds
[2019.02.21-06.22.05:383][  0]LogContentStreaming: Texture pool size now 1000 MB
[2019.02.21-06.22.05:468][  0]LogSlate: Took 0.070632 seconds to synchronously load lazily loaded font '../../../Engine/Content/Slate/Fonts/Roboto-Light.ttf' (167K)
[2019.02.21-06.22.05:630][  3]LogAssetRegistry: Asset discovery search completed in 17.6448 seconds
[2019.02.21-06.22.05:632][  3]LogCollectionManager: Rebuilt the object cache for 0 collections in 0.000000 seconds (found 0 objects)
[2019.02.21-06.22.05:632][  3]LogCollectionManager: Fixed up redirectors for 0 collections in 0.000054 seconds (updated 0 objects)
[2019.02.21-06.26.05:457][ 35]LogSlate: FSceneViewport::OnFocusLost() reason 0
[2019.02.21-06.26.07:425][267]LogSlate: Took 0.000185 seconds to synchronously load lazily loaded font '../../../Engine/Content/Slate/Fonts/Roboto-Light.ttf' (167K)
[2019.02.21-06.26.07:925][267]LogAIModule: Creating AISystem for world FirstPersonExampleDoorMap
[2019.02.21-06.26.07:938][267]LogAssetEditorManager: Opening Asset editor for World /Game/FirstPersonDoor/Maps/FirstPersonExampleDoorMap.FirstPersonExampleDoorMap
[2019.02.21-06.26.08:087][267]LightingResults: New page: Lighting Build
[2019.02.21-06.26.08:087][267]LoadErrors: New page: Loading map: FirstPersonExampleDoorMap.umap
[2019.02.21-06.26.08:088][267]MapCheck: New page: Map Check
[2019.02.21-06.26.08:088][267]LightingResults: New page: Lighting Build
[2019.02.21-06.26.08:252][267]LogEditorServer: Finished looking for orphan Actors (0.000 secs)
[2019.02.21-06.26.08:459][267]Cmd: MAP CHECKDEP NOCLEARLOG
[2019.02.21-06.26.08:461][267]MapCheck: Map check complete: 0 Error(s), 0 Warning(s), took 1.76ms to complete.
[2019.02.21-06.26.08:461][267]LogFileHelpers: Loading map 'FirstPersonExampleDoorMap' took 0.375
[2019.02.21-06.26.13:368][811]LogEditorViewport: Clicking on Actor (LMB): StaticMeshActor (BigWall)
[2019.02.21-06.26.16:978][196]Cmd: TRANSACTION UNDO
[2019.02.21-06.26.16:978][196]LogEditorTransaction: Undo Scale Actors
[2019.02.21-06.26.18:840][360]LogEditorViewport: Clicking on Actor (LMB): StaticMeshActor (BigWall3)
[2019.02.21-06.26.20:266][504]LogSlate: Took 0.085653 seconds to synchronously load lazily loaded font '../../../Engine/Content/Slate/Fonts/Roboto-Italic.ttf' (157K)
[2019.02.21-06.26.21:574][623]LogSlate: FSceneViewport::OnFocusLost() reason 0
[2019.02.21-06.26.37:662][329]Cmd: TRANSACTION UNDO
[2019.02.21-06.26.37:662][329]LogEditorTransaction: Undo Move Actors
[2019.02.21-06.26.38:916][458]Cmd: EDIT COPY
[2019.02.21-06.26.39:165][484]Cmd: EDIT PASTE
[2019.02.21-06.26.47:951][399]LogSlate: FSceneViewport::OnFocusLost() reason 0
[2019.02.21-06.26.49:018][520]LogEditorViewport: Clicking on Actor (CTRL LMB): StaticMeshActor (BigWall3)
[2019.02.21-06.26.50:212][629]LogSlate: FSceneViewport::OnFocusLost() reason 0
[2019.02.21-06.26.52:582][865]LogEditorViewport: Clicking on Actor (LMB): StaticMeshActor (BigWall3)
[2019.02.21-06.26.53:448][958]LogEditorViewport: Clicking on Actor (LMB): StaticMeshActor (BigWall3)
[2019.02.21-06.26.53:979][ 15]LogEditorViewport: Clicking on Actor (context menu): StaticMeshActor (BigWall3)
[2019.02.21-06.26.54:006][ 15]LogSlate: FSceneViewport::OnFocusLost() reason 2
[2019.02.21-06.26.54:476][ 70]LogEditorViewport: Clicking on Actor (LMB): TextRenderActor (TemplateLabel)
[2019.02.21-06.26.54:881][109]LogEditorViewport: Clicking on Actor (LMB): StaticMeshActor (BigWall3)
[2019.02.21-06.27.01:803][822]LogEditorViewport: Clicking on Actor (double click): StaticMeshActor (BigWall5)
[2019.02.21-06.27.12:542][981]LogEditorViewport: Clicking on Actor (LMB): DoorRaise_C (DoorSwing)
[2019.02.21-06.27.13:328][ 59]LogSlate: FSceneViewport::OnFocusLost() reason 0
[2019.02.21-06.27.14:058][100]LogSavePackage: Moving '../../../../../../Users/Password is 123/Documents/BluePrintDemonstrations-/Prototypes/Saved/FirstPersonExampleDoorMap1272800B4BEF197D910D589E310E9870.tmp' to '../../../../../../Users/Password is 123/Documents/BluePrintDemonstrations-/Prototypes/Content/FirstPersonDoor/Maps/FirstPersonExampleDoorMap.umap'
[2019.02.21-06.27.16:302][100]LogSavePackage: Moving '../../../../../../Users/Password is 123/Documents/BluePrintDemonstrations-/Prototypes/Saved/FirstPersonExampleDoorMap_BuiltD5A84CA7340FA456A4122538BCDAA098B.tmp' to '../../../../../../Users/Password is 123/Documents/BluePrintDemonstrations-/Prototypes/Content/FirstPersonDoor/Maps/FirstPersonExampleDoorMap_BuiltData.uasset'
[2019.02.21-06.28.36:905][530]LogSlate: FSceneViewport::OnFocusLost() reason 0
[2019.02.21-06.28.57:162][252]LogAssetEditorManager: Opening Asset editor for Blueprint /Game/FirstPersonDoor/Blueprints/DoorSmash.DoorSmash
[2019.02.21-06.28.58:258][252]LogContentBrowser: Native class hierarchy updated for 'BlueprintGraph' in 0.0010 seconds. Added 117 classes and 0 folders.
[2019.02.21-06.28.59:724][252]LogSlate: Took 0.028549 seconds to synchronously load lazily loaded font '../../../Engine/Content/Slate/Fonts/Roboto-BoldCondensed.ttf' (158K)
[2019.02.21-06.29.43:495][841]LogSlate: FSceneViewport::OnFocusLost() reason 0
[2019.02.21-06.30.02:269][398]LogSlate: FSceneViewport::OnFocusLost() reason 0
[2019.02.21-06.30.37:338][243]LogSlate: FSceneViewport::OnFocusLost() reason 2
[2019.02.21-06.30.37:770][243]LogSavePackage: Moving '../../../../../../Users/Password is 123/Documents/BluePrintDemonstrations-/Prototypes/Saved/FirstPersonExampleDoorMapE81FEB184C259EC0BE237E8698D3C464.tmp' to '../../../../../../Users/Password is 123/Documents/BluePrintDemonstrations-/Prototypes/Content/FirstPersonDoor/Maps/FirstPersonExampleDoorMap.umap'
[2019.02.21-06.30.39:341][243]LogSavePackage: Moving '../../../../../../Users/Password is 123/Documents/BluePrintDemonstrations-/Prototypes/Saved/FirstPersonExampleDoorMap_BuiltD2E6787574D6A64E0320199BADB0E323A.tmp' to '../../../../../../Users/Password is 123/Documents/BluePrintDemonstrations-/Prototypes/Content/FirstPersonDoor/Maps/FirstPersonExampleDoorMap_BuiltData.uasset'
[2019.02.21-06.30.41:965][431]LogSlate: FSceneViewport::OnFocusLost() reason 0
[2019.02.21-06.30.42:102][444]LogTemp: Repeating last play command: Selected Viewport
[2019.02.21-06.30.42:133][444]LogBlueprintUserMessages: Early PlayInEditor Detection: Level '/Game/FirstPersonDoor/Maps/FirstPersonExampleDoorMap.FirstPersonExampleDoorMap:PersistentLevel' has LevelScriptBlueprint '/Game/FirstPersonDoor/Maps/FirstPersonExampleDoorMap.FirstPersonExampleDoorMap:PersistentLevel.FirstPersonExampleDoorMap' with GeneratedClass '/Game/FirstPersonDoor/Maps/FirstPersonExampleDoorMap.FirstPersonExampleDoorMap_C' with ClassGeneratedBy '/Game/FirstPersonDoor/Maps/FirstPersonExampleDoorMap.FirstPersonExampleDoorMap:PersistentLevel.FirstPersonExampleDoorMap'
[2019.02.21-06.30.42:133][444]BlueprintLog: New page: Pre-Play auto-recompile
[2019.02.21-06.30.42:144][444]LogPlayLevel: [PlayLevel] Compiling DoorSmash before play...
[2019.02.21-06.30.42:494][444]LogPlayLevel: PlayLevel: Blueprint regeneration took 361 ms (1 blueprints)
[2019.02.21-06.30.42:494][444]PIE: New page: PIE session: FirstPersonExampleDoorMap (Feb 20, 2019, 2:30:42 PM)
[2019.02.21-06.30.42:507][444]LogPlayLevel: Creating play world package: /Game/FirstPersonDoor/Maps/UEDPIE_0_FirstPersonExampleDoorMap
[2019.02.21-06.30.42:529][444]LogPlayLevel: PIE: StaticDuplicateObject took: (0.022209s)
[2019.02.21-06.30.42:530][444]LogAIModule: Creating AISystem for world FirstPersonExampleDoorMap
[2019.02.21-06.30.42:530][444]LogPlayLevel: PIE: World Init took: (0.001170s)
[2019.02.21-06.30.42:531][444]LogPlayLevel: PIE: Created PIE world by copying editor world from /Game/FirstPersonDoor/Maps/FirstPersonExampleDoorMap.FirstPersonExampleDoorMap to /Game/FirstPersonDoor/Maps/UEDPIE_0_FirstPersonExampleDoorMap.FirstPersonExampleDoorMap (0.023736s)
[2019.02.21-06.30.42:669][444]LogInit: XAudio2 using 'Speakers (Realtek High Definition Audio)' : 2 channels at 44.1 kHz using 32 bits per sample (channel mask 0x3)
[2019.02.21-06.30.42:683][444]LogInit: FAudioDevice initialized.
[2019.02.21-06.30.42:728][444]LogLoad: Game class is 'FirstPersonGameMode_C'
[2019.02.21-06.30.42:731][444]PIE: Warning: Invalid Simulate Options: Body (DoorSmash_2.TriggerVolume) is set to simulate physics but Collision Enabled is incompatible
[2019.02.21-06.30.42:732][444]PIE: Warning: Invalid Simulate Options: Body (DoorSmash_2.TriggerVolume) is set to simulate physics but Collision Enabled is incompatible
[2019.02.21-06.30.42:732][444]LogWorld: Bringing World /Game/FirstPersonDoor/Maps/UEDPIE_0_FirstPersonExampleDoorMap.FirstPersonExampleDoorMap up for play (max tick rate 0) at 2019.02.20-22.30.42
[2019.02.21-06.30.42:733][444]LogWorld: Bringing up level for play took: 0.003263
[2019.02.21-06.30.42:757][444]LogContentBrowser: Native class hierarchy updated for 'MovieSceneCapture' in 0.0005 seconds. Added 20 classes and 0 folders.
[2019.02.21-06.30.42:758][444]PIE: Play in editor start time for /Game/FirstPersonDoor/Maps/UEDPIE_0_FirstPersonExampleDoorMap -0.321
[2019.02.21-06.30.42:759][444]LogBlueprintUserMessages: Late PlayInEditor Detection: Level '/Game/FirstPersonDoor/Maps/FirstPersonExampleDoorMap.FirstPersonExampleDoorMap:PersistentLevel' has LevelScriptBlueprint '/Game/FirstPersonDoor/Maps/FirstPersonExampleDoorMap.FirstPersonExampleDoorMap:PersistentLevel.FirstPersonExampleDoorMap' with GeneratedClass '/Game/FirstPersonDoor/Maps/FirstPersonExampleDoorMap.FirstPersonExampleDoorMap_C' with ClassGeneratedBy '/Game/FirstPersonDoor/Maps/FirstPersonExampleDoorMap.FirstPersonExampleDoorMap:PersistentLevel.FirstPersonExampleDoorMap'
[2019.02.21-06.31.00:845][295]LogBlueprintUserMessages: Early EndPlayMap Detection: Level '/Game/FirstPersonDoor/Maps/FirstPersonExampleDoorMap.FirstPersonExampleDoorMap:PersistentLevel' has LevelScriptBlueprint '/Game/FirstPersonDoor/Maps/FirstPersonExampleDoorMap.FirstPersonExampleDoorMap:PersistentLevel.FirstPersonExampleDoorMap' with GeneratedClass '/Game/FirstPersonDoor/Maps/FirstPersonExampleDoorMap.FirstPersonExampleDoorMap_C' with ClassGeneratedBy '/Game/FirstPersonDoor/Maps/FirstPersonExampleDoorMap.FirstPersonExampleDoorMap:PersistentLevel.FirstPersonExampleDoorMap'
[2019.02.21-06.31.00:845][295]LogSlate: Updating window title bar state: overlay mode, drag disabled, window buttons hidden, title bar hidden
[2019.02.21-06.31.00:885][295]LogPlayLevel: Display: Shutting down PIE online subsystems
[2019.02.21-06.31.00:885][295]LogBlueprintUserMessages: Late EndPlayMap Detection: Level '/Game/FirstPersonDoor/Maps/FirstPersonExampleDoorMap.FirstPersonExampleDoorMap:PersistentLevel' has LevelScriptBlueprint '/Game/FirstPersonDoor/Maps/FirstPersonExampleDoorMap.FirstPersonExampleDoorMap:PersistentLevel.FirstPersonExampleDoorMap' with GeneratedClass '/Game/FirstPersonDoor/Maps/FirstPersonExampleDoorMap.FirstPersonExampleDoorMap_C' with ClassGeneratedBy '/Game/FirstPersonDoor/Maps/FirstPersonExampleDoorMap.FirstPersonExampleDoorMap:PersistentLevel.FirstPersonExampleDoorMap'
[2019.02.21-06.31.01:019][295]LogSlate: Updating window title bar state: overlay mode, drag disabled, window buttons hidden, title bar hidden
[2019.02.21-06.31.01:029][295]LogSlate: FSceneViewport::OnFocusLost() reason 2
[2019.02.21-06.31.01:068][296]LogPlayLevel: Display: Destroying online subsystem :Context_7
[2019.02.21-06.31.02:661][427]LogSlate: Window 'Message Log' being destroyed
[2019.02.21-06.31.02:666][427]LogSlate: Window 'Message Log' being destroyed
[2019.02.21-06.31.07:306][813]LogSlate: FSceneViewport::OnFocusLost() reason 0
[2019.02.21-06.31.07:459][828]LogTemp: Repeating last play command: Selected Viewport
[2019.02.21-06.31.07:485][828]LogBlueprintUserMessages: Early PlayInEditor Detection: Level '/Game/FirstPersonDoor/Maps/FirstPersonExampleDoorMap.FirstPersonExampleDoorMap:PersistentLevel' has LevelScriptBlueprint '/Game/FirstPersonDoor/Maps/FirstPersonExampleDoorMap.FirstPersonExampleDoorMap:PersistentLevel.FirstPersonExampleDoorMap' with GeneratedClass '/Game/FirstPersonDoor/Maps/FirstPersonExampleDoorMap.FirstPersonExampleDoorMap_C' with ClassGeneratedBy '/Game/FirstPersonDoor/Maps/FirstPersonExampleDoorMap.FirstPersonExampleDoorMap:PersistentLevel.FirstPersonExampleDoorMap'
[2019.02.21-06.31.07:485][828]LogPlayLevel: PlayLevel: No blueprints needed recompiling
[2019.02.21-06.31.07:485][828]PIE: New page: PIE session: FirstPersonExampleDoorMap (Feb 20, 2019, 2:31:07 PM)
[2019.02.21-06.31.07:485][828]LogPlayLevel: Creating play world package: /Game/FirstPersonDoor/Maps/UEDPIE_0_FirstPersonExampleDoorMap
[2019.02.21-06.31.07:509][828]LogPlayLevel: PIE: StaticDuplicateObject took: (0.023624s)
[2019.02.21-06.31.07:510][828]LogAIModule: Creating AISystem for world FirstPersonExampleDoorMap
[2019.02.21-06.31.07:510][828]LogPlayLevel: PIE: World Init took: (0.001164s)
[2019.02.21-06.31.07:510][828]LogPlayLevel: PIE: Created PIE world by copying editor world from /Game/FirstPersonDoor/Maps/FirstPersonExampleDoorMap.FirstPersonExampleDoorMap to /Game/FirstPersonDoor/Maps/UEDPIE_0_FirstPersonExampleDoorMap.FirstPersonExampleDoorMap (0.024950s)
[2019.02.21-06.31.07:641][828]LogInit: XAudio2 using 'Speakers (Realtek High Definition Audio)' : 2 channels at 44.1 kHz using 32 bits per sample (channel mask 0x3)
[2019.02.21-06.31.07:653][828]LogInit: FAudioDevice initialized.
[2019.02.21-06.31.07:688][828]LogLoad: Game class is 'FirstPersonGameMode_C'
[2019.02.21-06.31.07:691][828]PIE: Warning: Invalid Simulate Options: Body (DoorSmash_2.TriggerVolume) is set to simulate physics but Collision Enabled is incompatible
[2019.02.21-06.31.07:691][828]PIE: Warning: Invalid Simulate Options: Body (DoorSmash_2.TriggerVolume) is set to simulate physics but Collision Enabled is incompatible
[2019.02.21-06.31.07:691][828]LogWorld: Bringing World /Game/FirstPersonDoor/Maps/UEDPIE_0_FirstPersonExampleDoorMap.FirstPersonExampleDoorMap up for play (max tick rate 0) at 2019.02.20-22.31.07
[2019.02.21-06.31.07:692][828]LogWorld: Bringing up level for play took: 0.003062
[2019.02.21-06.31.07:705][828]PIE: Play in editor start time for /Game/FirstPersonDoor/Maps/UEDPIE_0_FirstPersonExampleDoorMap 0.626
[2019.02.21-06.31.07:705][828]LogBlueprintUserMessages: Late PlayInEditor Detection: Level '/Game/FirstPersonDoor/Maps/FirstPersonExampleDoorMap.FirstPersonExampleDoorMap:PersistentLevel' has LevelScriptBlueprint '/Game/FirstPersonDoor/Maps/FirstPersonExampleDoorMap.FirstPersonExampleDoorMap:PersistentLevel.FirstPersonExampleDoorMap' with GeneratedClass '/Game/FirstPersonDoor/Maps/FirstPersonExampleDoorMap.FirstPersonExampleDoorMap_C' with ClassGeneratedBy '/Game/FirstPersonDoor/Maps/FirstPersonExampleDoorMap.FirstPersonExampleDoorMap:PersistentLevel.FirstPersonExampleDoorMap'
[2019.02.21-06.31.11:203][169]LogBlueprintUserMessages: Early EndPlayMap Detection: Level '/Game/FirstPersonDoor/Maps/FirstPersonExampleDoorMap.FirstPersonExampleDoorMap:PersistentLevel' has LevelScriptBlueprint '/Game/FirstPersonDoor/Maps/FirstPersonExampleDoorMap.FirstPersonExampleDoorMap:PersistentLevel.FirstPersonExampleDoorMap' with GeneratedClass '/Game/FirstPersonDoor/Maps/FirstPersonExampleDoorMap.FirstPersonExampleDoorMap_C' with ClassGeneratedBy '/Game/FirstPersonDoor/Maps/FirstPersonExampleDoorMap.FirstPersonExampleDoorMap:PersistentLevel.FirstPersonExampleDoorMap'
[2019.02.21-06.31.11:203][169]LogSlate: Updating window title bar state: overlay mode, drag disabled, window buttons hidden, title bar hidden
[2019.02.21-06.31.11:242][169]LogPlayLevel: Display: Shutting down PIE online subsystems
[2019.02.21-06.31.11:242][169]LogBlueprintUserMessages: Late EndPlayMap Detection: Level '/Game/FirstPersonDoor/Maps/FirstPersonExampleDoorMap.FirstPersonExampleDoorMap:PersistentLevel' has LevelScriptBlueprint '/Game/FirstPersonDoor/Maps/FirstPersonExampleDoorMap.FirstPersonExampleDoorMap:PersistentLevel.FirstPersonExampleDoorMap' with GeneratedClass '/Game/FirstPersonDoor/Maps/FirstPersonExampleDoorMap.FirstPersonExampleDoorMap_C' with ClassGeneratedBy '/Game/FirstPersonDoor/Maps/FirstPersonExampleDoorMap.FirstPersonExampleDoorMap:PersistentLevel.FirstPersonExampleDoorMap'
[2019.02.21-06.31.11:389][169]LogSlate: Updating window title bar state: overlay mode, drag disabled, window buttons hidden, title bar hidden
[2019.02.21-06.31.11:399][169]LogSlate: FSceneViewport::OnFocusLost() reason 2
[2019.02.21-06.31.11:491][170]LogPlayLevel: Display: Destroying online subsystem :Context_8
[2019.02.21-06.31.45:192][271]BlueprintLog: New page: Compile DoorSmash
[2019.02.21-06.31.51:244][798]LogSlate: FSceneViewport::OnFocusLost() reason 0
[2019.02.21-06.31.51:352][809]LogSlate: Window 'Message Log' being destroyed
[2019.02.21-06.31.51:357][809]LogSlate: Window 'Message Log' being destroyed
[2019.02.21-06.31.52:871][931]LogSlate: FSceneViewport::OnFocusLost() reason 0
[2019.02.21-06.31.54:330][ 76]LogTemp: Repeating last play command: Selected Viewport
[2019.02.21-06.31.54:356][ 76]LogBlueprintUserMessages: Early PlayInEditor Detection: Level '/Game/FirstPersonDoor/Maps/FirstPersonExampleDoorMap.FirstPersonExampleDoorMap:PersistentLevel' has LevelScriptBlueprint '/Game/FirstPersonDoor/Maps/FirstPersonExampleDoorMap.FirstPersonExampleDoorMap:PersistentLevel.FirstPersonExampleDoorMap' with GeneratedClass '/Game/FirstPersonDoor/Maps/FirstPersonExampleDoorMap.FirstPersonExampleDoorMap_C' with ClassGeneratedBy '/Game/FirstPersonDoor/Maps/FirstPersonExampleDoorMap.FirstPersonExampleDoorMap:PersistentLevel.FirstPersonExampleDoorMap'
[2019.02.21-06.31.54:356][ 76]LogPlayLevel: PlayLevel: No blueprints needed recompiling
[2019.02.21-06.31.54:356][ 76]PIE: New page: PIE session: FirstPersonExampleDoorMap (Feb 20, 2019, 2:31:54 PM)
[2019.02.21-06.31.54:356][ 76]LogPlayLevel: Creating play world package: /Game/FirstPersonDoor/Maps/UEDPIE_0_FirstPersonExampleDoorMap
[2019.02.21-06.31.54:379][ 76]LogPlayLevel: PIE: StaticDuplicateObject took: (0.023109s)
[2019.02.21-06.31.54:380][ 76]LogAIModule: Creating AISystem for world FirstPersonExampleDoorMap
[2019.02.21-06.31.54:380][ 76]LogPlayLevel: PIE: World Init took: (0.000929s)
[2019.02.21-06.31.54:380][ 76]LogPlayLevel: PIE: Created PIE world by copying editor world from /Game/FirstPersonDoor/Maps/FirstPersonExampleDoorMap.FirstPersonExampleDoorMap to /Game/FirstPersonDoor/Maps/UEDPIE_0_FirstPersonExampleDoorMap.FirstPersonExampleDoorMap (0.024238s)
[2019.02.21-06.31.54:516][ 76]LogInit: XAudio2 using 'Speakers (Realtek High Definition Audio)' : 2 channels at 44.1 kHz using 32 bits per sample (channel mask 0x3)
[2019.02.21-06.31.54:529][ 76]LogInit: FAudioDevice initialized.
[2019.02.21-06.31.54:565][ 76]LogLoad: Game class is 'FirstPersonGameMode_C'
[2019.02.21-06.31.54:567][ 76]PIE: Warning: Invalid Simulate Options: Body (DoorSmash_2.TriggerVolume) is set to simulate physics but Collision Enabled is incompatible
[2019.02.21-06.31.54:567][ 76]PIE: Warning: Invalid Simulate Options: Body (DoorSmash_2.TriggerVolume) is set to simulate physics but Collision Enabled is incompatible
[2019.02.21-06.31.54:568][ 76]LogWorld: Bringing World /Game/FirstPersonDoor/Maps/UEDPIE_0_FirstPersonExampleDoorMap.FirstPersonExampleDoorMap up for play (max tick rate 0) at 2019.02.20-22.31.54
[2019.02.21-06.31.54:568][ 76]LogWorld: Bringing up level for play took: 0.003138
[2019.02.21-06.31.54:582][ 76]PIE: Play in editor start time for /Game/FirstPersonDoor/Maps/UEDPIE_0_FirstPersonExampleDoorMap -0.498
[2019.02.21-06.31.54:582][ 76]LogBlueprintUserMessages: Late PlayInEditor Detection: Level '/Game/FirstPersonDoor/Maps/FirstPersonExampleDoorMap.FirstPersonExampleDoorMap:PersistentLevel' has LevelScriptBlueprint '/Game/FirstPersonDoor/Maps/FirstPersonExampleDoorMap.FirstPersonExampleDoorMap:PersistentLevel.FirstPersonExampleDoorMap' with GeneratedClass '/Game/FirstPersonDoor/Maps/FirstPersonExampleDoorMap.FirstPersonExampleDoorMap_C' with ClassGeneratedBy '/Game/FirstPersonDoor/Maps/FirstPersonExampleDoorMap.FirstPersonExampleDoorMap:PersistentLevel.FirstPersonExampleDoorMap'
[2019.02.21-06.31.57:901][417]LogBlueprintUserMessages: Early EndPlayMap Detection: Level '/Game/FirstPersonDoor/Maps/FirstPersonExampleDoorMap.FirstPersonExampleDoorMap:PersistentLevel' has LevelScriptBlueprint '/Game/FirstPersonDoor/Maps/FirstPersonExampleDoorMap.FirstPersonExampleDoorMap:PersistentLevel.FirstPersonExampleDoorMap' with GeneratedClass '/Game/FirstPersonDoor/Maps/FirstPersonExampleDoorMap.FirstPersonExampleDoorMap_C' with ClassGeneratedBy '/Game/FirstPersonDoor/Maps/FirstPersonExampleDoorMap.FirstPersonExampleDoorMap:PersistentLevel.FirstPersonExampleDoorMap'
[2019.02.21-06.31.57:902][417]LogSlate: Updating window title bar state: overlay mode, drag disabled, window buttons hidden, title bar hidden
[2019.02.21-06.31.57:940][417]LogPlayLevel: Display: Shutting down PIE online subsystems
[2019.02.21-06.31.57:941][417]LogBlueprintUserMessages: Late EndPlayMap Detection: Level '/Game/FirstPersonDoor/Maps/FirstPersonExampleDoorMap.FirstPersonExampleDoorMap:PersistentLevel' has LevelScriptBlueprint '/Game/FirstPersonDoor/Maps/FirstPersonExampleDoorMap.FirstPersonExampleDoorMap:PersistentLevel.FirstPersonExampleDoorMap' with GeneratedClass '/Game/FirstPersonDoor/Maps/FirstPersonExampleDoorMap.FirstPersonExampleDoorMap_C' with ClassGeneratedBy '/Game/FirstPersonDoor/Maps/FirstPersonExampleDoorMap.FirstPersonExampleDoorMap:PersistentLevel.FirstPersonExampleDoorMap'
[2019.02.21-06.31.58:078][417]LogSlate: Updating window title bar state: overlay mode, drag disabled, window buttons hidden, title bar hidden
[2019.02.21-06.31.58:088][417]LogSlate: FSceneViewport::OnFocusLost() reason 2
[2019.02.21-06.31.58:178][418]LogPlayLevel: Display: Destroying online subsystem :Context_9
[2019.02.21-06.32.08:958][335]LogTemp: Repeating last play command: Selected Viewport
[2019.02.21-06.32.08:977][335]LogBlueprintUserMessages: Early PlayInEditor Detection: Level '/Game/FirstPersonDoor/Maps/FirstPersonExampleDoorMap.FirstPersonExampleDoorMap:PersistentLevel' has LevelScriptBlueprint '/Game/FirstPersonDoor/Maps/FirstPersonExampleDoorMap.FirstPersonExampleDoorMap:PersistentLevel.FirstPersonExampleDoorMap' with GeneratedClass '/Game/FirstPersonDoor/Maps/FirstPersonExampleDoorMap.FirstPersonExampleDoorMap_C' with ClassGeneratedBy '/Game/FirstPersonDoor/Maps/FirstPersonExampleDoorMap.FirstPersonExampleDoorMap:PersistentLevel.FirstPersonExampleDoorMap'
[2019.02.21-06.32.08:977][335]LogPlayLevel: PlayLevel: No blueprints needed recompiling
[2019.02.21-06.32.08:977][335]PIE: New page: PIE session: FirstPersonExampleDoorMap (Feb 20, 2019, 2:32:08 PM)
[2019.02.21-06.32.08:978][335]LogPlayLevel: Creating play world package: /Game/FirstPersonDoor/Maps/UEDPIE_0_FirstPersonExampleDoorMap
[2019.02.21-06.32.09:002][335]LogPlayLevel: PIE: StaticDuplicateObject took: (0.024075s)
[2019.02.21-06.32.09:003][335]LogAIModule: Creating AISystem for world FirstPersonExampleDoorMap
[2019.02.21-06.32.09:003][335]LogPlayLevel: PIE: World Init took: (0.000999s)
[2019.02.21-06.32.09:003][335]LogPlayLevel: PIE: Created PIE world by copying editor world from /Game/FirstPersonDoor/Maps/FirstPersonExampleDoorMap.FirstPersonExampleDoorMap to /Game/FirstPersonDoor/Maps/UEDPIE_0_FirstPersonExampleDoorMap.FirstPersonExampleDoorMap (0.025287s)
[2019.02.21-06.32.09:152][335]LogInit: XAudio2 using 'Speakers (Realtek High Definition Audio)' : 2 channels at 44.1 kHz using 32 bits per sample (channel mask 0x3)
[2019.02.21-06.32.09:164][335]LogInit: FAudioDevice initialized.
[2019.02.21-06.32.09:196][335]LogLoad: Game class is 'FirstPersonGameMode_C'
[2019.02.21-06.32.09:199][335]PIE: Warning: Invalid Simulate Options: Body (DoorSmash_2.TriggerVolume) is set to simulate physics but Collision Enabled is incompatible
[2019.02.21-06.32.09:199][335]PIE: Warning: Invalid Simulate Options: Body (DoorSmash_2.TriggerVolume) is set to simulate physics but Collision Enabled is incompatible
[2019.02.21-06.32.09:200][335]LogWorld: Bringing World /Game/FirstPersonDoor/Maps/UEDPIE_0_FirstPersonExampleDoorMap.FirstPersonExampleDoorMap up for play (max tick rate 0) at 2019.02.20-22.32.09
[2019.02.21-06.32.09:200][335]LogWorld: Bringing up level for play took: 0.003126
[2019.02.21-06.32.09:213][335]PIE: Play in editor start time for /Game/FirstPersonDoor/Maps/UEDPIE_0_FirstPersonExampleDoorMap 0.133
[2019.02.21-06.32.09:213][335]LogBlueprintUserMessages: Late PlayInEditor Detection: Level '/Game/FirstPersonDoor/Maps/FirstPersonExampleDoorMap.FirstPersonExampleDoorMap:PersistentLevel' has LevelScriptBlueprint '/Game/FirstPersonDoor/Maps/FirstPersonExampleDoorMap.FirstPersonExampleDoorMap:PersistentLevel.FirstPersonExampleDoorMap' with GeneratedClass '/Game/FirstPersonDoor/Maps/FirstPersonExampleDoorMap.FirstPersonExampleDoorMap_C' with ClassGeneratedBy '/Game/FirstPersonDoor/Maps/FirstPersonExampleDoorMap.FirstPersonExampleDoorMap:PersistentLevel.FirstPersonExampleDoorMap'
[2019.02.21-06.32.13:947][694]LogBlueprintUserMessages: Early EndPlayMap Detection: Level '/Game/FirstPersonDoor/Maps/FirstPersonExampleDoorMap.FirstPersonExampleDoorMap:PersistentLevel' has LevelScriptBlueprint '/Game/FirstPersonDoor/Maps/FirstPersonExampleDoorMap.FirstPersonExampleDoorMap:PersistentLevel.FirstPersonExampleDoorMap' with GeneratedClass '/Game/FirstPersonDoor/Maps/FirstPersonExampleDoorMap.FirstPersonExampleDoorMap_C' with ClassGeneratedBy '/Game/FirstPersonDoor/Maps/FirstPersonExampleDoorMap.FirstPersonExampleDoorMap:PersistentLevel.FirstPersonExampleDoorMap'
[2019.02.21-06.32.13:947][694]LogSlate: Updating window title bar state: overlay mode, drag disabled, window buttons hidden, title bar hidden
[2019.02.21-06.32.13:993][694]LogPlayLevel: Display: Shutting down PIE online subsystems
[2019.02.21-06.32.13:993][694]LogBlueprintUserMessages: Late EndPlayMap Detection: Level '/Game/FirstPersonDoor/Maps/FirstPersonExampleDoorMap.FirstPersonExampleDoorMap:PersistentLevel' has LevelScriptBlueprint '/Game/FirstPersonDoor/Maps/FirstPersonExampleDoorMap.FirstPersonExampleDoorMap:PersistentLevel.FirstPersonExampleDoorMap' with GeneratedClass '/Game/FirstPersonDoor/Maps/FirstPersonExampleDoorMap.FirstPersonExampleDoorMap_C' with ClassGeneratedBy '/Game/FirstPersonDoor/Maps/FirstPersonExampleDoorMap.FirstPersonExampleDoorMap:PersistentLevel.FirstPersonExampleDoorMap'
[2019.02.21-06.32.14:119][694]LogSlate: Updating window title bar state: overlay mode, drag disabled, window buttons hidden, title bar hidden
[2019.02.21-06.32.14:251][695]LogPlayLevel: Display: Destroying online subsystem :Context_10
[2019.02.21-06.32.16:359][827]LogSlate: FSceneViewport::OnFocusLost() reason 0
[2019.02.21-06.32.16:613][839]LogSavePackage: Moving '../../../../../../Users/Password is 123/Documents/BluePrintDemonstrations-/Prototypes/Saved/DoorSmashD642C2C64B4572576E5553BC606DA574.tmp' to '../../../../../../Users/Password is 123/Documents/BluePrintDemonstrations-/Prototypes/Content/FirstPersonDoor/Blueprints/DoorSmash.uasset'
[2019.02.21-06.32.20:878][174]LogSlate: FSceneViewport::OnFocusLost() reason 2
[2019.02.21-06.32.22:344][276]LogTemp: Repeating last play command: Selected Viewport
[2019.02.21-06.32.22:364][276]LogBlueprintUserMessages: Early PlayInEditor Detection: Level '/Game/FirstPersonDoor/Maps/FirstPersonExampleDoorMap.FirstPersonExampleDoorMap:PersistentLevel' has LevelScriptBlueprint '/Game/FirstPersonDoor/Maps/FirstPersonExampleDoorMap.FirstPersonExampleDoorMap:PersistentLevel.FirstPersonExampleDoorMap' with GeneratedClass '/Game/FirstPersonDoor/Maps/FirstPersonExampleDoorMap.FirstPersonExampleDoorMap_C' with ClassGeneratedBy '/Game/FirstPersonDoor/Maps/FirstPersonExampleDoorMap.FirstPersonExampleDoorMap:PersistentLevel.FirstPersonExampleDoorMap'
[2019.02.21-06.32.22:364][276]LogPlayLevel: PlayLevel: No blueprints needed recompiling
[2019.02.21-06.32.22:364][276]PIE: New page: PIE session: FirstPersonExampleDoorMap (Feb 20, 2019, 2:32:22 PM)
[2019.02.21-06.32.22:364][276]LogPlayLevel: Creating play world package: /Game/FirstPersonDoor/Maps/UEDPIE_0_FirstPersonExampleDoorMap
[2019.02.21-06.32.22:388][276]LogPlayLevel: PIE: StaticDuplicateObject took: (0.023481s)
[2019.02.21-06.32.22:389][276]LogAIModule: Creating AISystem for world FirstPersonExampleDoorMap
[2019.02.21-06.32.22:389][276]LogPlayLevel: PIE: World Init took: (0.001218s)
[2019.02.21-06.32.22:389][276]LogPlayLevel: PIE: Created PIE world by copying editor world from /Game/FirstPersonDoor/Maps/FirstPersonExampleDoorMap.FirstPersonExampleDoorMap to /Game/FirstPersonDoor/Maps/UEDPIE_0_FirstPersonExampleDoorMap.FirstPersonExampleDoorMap (0.024880s)
[2019.02.21-06.32.22:539][276]LogInit: XAudio2 using 'Speakers (Realtek High Definition Audio)' : 2 channels at 44.1 kHz using 32 bits per sample (channel mask 0x3)
[2019.02.21-06.32.22:552][276]LogInit: FAudioDevice initialized.
[2019.02.21-06.32.22:588][276]LogLoad: Game class is 'FirstPersonGameMode_C'
[2019.02.21-06.32.22:590][276]PIE: Warning: Invalid Simulate Options: Body (DoorSmash_2.TriggerVolume) is set to simulate physics but Collision Enabled is incompatible
[2019.02.21-06.32.22:590][276]PIE: Warning: Invalid Simulate Options: Body (DoorSmash_2.TriggerVolume) is set to simulate physics but Collision Enabled is incompatible
[2019.02.21-06.32.22:591][276]LogWorld: Bringing World /Game/FirstPersonDoor/Maps/UEDPIE_0_FirstPersonExampleDoorMap.FirstPersonExampleDoorMap up for play (max tick rate 0) at 2019.02.20-22.32.22
[2019.02.21-06.32.22:592][276]LogWorld: Bringing up level for play took: 0.003164
[2019.02.21-06.32.22:605][276]PIE: Play in editor start time for /Game/FirstPersonDoor/Maps/UEDPIE_0_FirstPersonExampleDoorMap -0.475
[2019.02.21-06.32.22:605][276]LogBlueprintUserMessages: Late PlayInEditor Detection: Level '/Game/FirstPersonDoor/Maps/FirstPersonExampleDoorMap.FirstPersonExampleDoorMap:PersistentLevel' has LevelScriptBlueprint '/Game/FirstPersonDoor/Maps/FirstPersonExampleDoorMap.FirstPersonExampleDoorMap:PersistentLevel.FirstPersonExampleDoorMap' with GeneratedClass '/Game/FirstPersonDoor/Maps/FirstPersonExampleDoorMap.FirstPersonExampleDoorMap_C' with ClassGeneratedBy '/Game/FirstPersonDoor/Maps/FirstPersonExampleDoorMap.FirstPersonExampleDoorMap:PersistentLevel.FirstPersonExampleDoorMap'
[2019.02.21-06.32.26:428][555]LogBlueprintUserMessages: Early EndPlayMap Detection: Level '/Game/FirstPersonDoor/Maps/FirstPersonExampleDoorMap.FirstPersonExampleDoorMap:PersistentLevel' has LevelScriptBlueprint '/Game/FirstPersonDoor/Maps/FirstPersonExampleDoorMap.FirstPersonExampleDoorMap:PersistentLevel.FirstPersonExampleDoorMap' with GeneratedClass '/Game/FirstPersonDoor/Maps/FirstPersonExampleDoorMap.FirstPersonExampleDoorMap_C' with ClassGeneratedBy '/Game/FirstPersonDoor/Maps/FirstPersonExampleDoorMap.FirstPersonExampleDoorMap:PersistentLevel.FirstPersonExampleDoorMap'
[2019.02.21-06.32.26:428][555]LogSlate: Updating window title bar state: overlay mode, drag disabled, window buttons hidden, title bar hidden
[2019.02.21-06.32.26:472][555]LogPlayLevel: Display: Shutting down PIE online subsystems
[2019.02.21-06.32.26:472][555]LogBlueprintUserMessages: Late EndPlayMap Detection: Level '/Game/FirstPersonDoor/Maps/FirstPersonExampleDoorMap.FirstPersonExampleDoorMap:PersistentLevel' has LevelScriptBlueprint '/Game/FirstPersonDoor/Maps/FirstPersonExampleDoorMap.FirstPersonExampleDoorMap:PersistentLevel.FirstPersonExampleDoorMap' with GeneratedClass '/Game/FirstPersonDoor/Maps/FirstPersonExampleDoorMap.FirstPersonExampleDoorMap_C' with ClassGeneratedBy '/Game/FirstPersonDoor/Maps/FirstPersonExampleDoorMap.FirstPersonExampleDoorMap:PersistentLevel.FirstPersonExampleDoorMap'
[2019.02.21-06.32.26:602][555]LogSlate: Updating window title bar state: overlay mode, drag disabled, window buttons hidden, title bar hidden
[2019.02.21-06.32.26:730][556]LogPlayLevel: Display: Destroying online subsystem :Context_11
[2019.02.21-06.32.30:054][799]LogSlate: FSceneViewport::OnFocusLost() reason 0
[2019.02.21-06.32.45:195][968]LogSavePackage: Moving '../../../../../../Users/Password is 123/Documents/BluePrintDemonstrations-/Prototypes/Saved/DoorSmashAB9CB809454EF29AD997E8BF4B51262E.tmp' to '../../../../../../Users/Password is 123/Documents/BluePrintDemonstrations-/Prototypes/Content/FirstPersonDoor/Blueprints/DoorSmash.uasset'
[2019.02.21-06.32.48:782][258]LogSlate: FSceneViewport::OnFocusLost() reason 0
[2019.02.21-06.32.50:359][378]LogSavePackage: Moving '../../../../../../Users/Password is 123/Documents/BluePrintDemonstrations-/Prototypes/Saved/DoorSmash18FF03EB4A8D4B1C720A6A976BC0B68E.tmp' to '../../../../../../Users/Password is 123/Documents/BluePrintDemonstrations-/Prototypes/Content/FirstPersonDoor/Blueprints/DoorSmash.uasset'
[2019.02.21-06.32.51:000][428]LogSlate: FSceneViewport::OnFocusLost() reason 0
[2019.02.21-06.33.09:752][882]BlueprintLog: New page: Compile DoorSmash
[2019.02.21-06.33.15:996][344]LogSlate: FSceneViewport::OnFocusLost() reason 0
[2019.02.21-06.33.18:626][585]LogSlate: FSceneViewport::OnFocusLost() reason 0
[2019.02.21-06.33.34:242][ 41]LogSlate: FSceneViewport::OnFocusLost() reason 2
[2019.02.21-06.33.36:147][224]LogSlate: FSceneViewport::OnFocusLost() reason 2
[2019.02.21-06.33.42:192][792]LogSlate: FSceneViewport::OnFocusLost() reason 0
[2019.02.21-06.34.01:410][467]LogRenderer: Reallocating scene render targets to support 944x900 Format 10 NumSamples 1 (Frame:13527).
[2019.02.21-06.34.05:003][782]Cmd: TRANSACTION UNDO
[2019.02.21-06.34.05:003][782]LogEditorTransaction: Undo Make New Scene Root
[2019.02.21-06.34.05:350][805]Cmd: TRANSACTION UNDO
[2019.02.21-06.34.05:350][805]LogEditorTransaction: Undo Rename Component Variable
[2019.02.21-06.34.05:577][820]Cmd: TRANSACTION UNDO
[2019.02.21-06.34.05:577][820]LogEditorTransaction: Undo Remove Components
[2019.02.21-06.34.05:783][834]Cmd: TRANSACTION UNDO
[2019.02.21-06.34.05:783][834]LogEditorTransaction: Undo Make New Scene Root
[2019.02.21-06.34.06:020][853]Cmd: TRANSACTION UNDO
[2019.02.21-06.34.06:020][853]LogEditorTransaction: Undo Edit Simulate Physics
[2019.02.21-06.34.06:399][885]Cmd: TRANSACTION UNDO
[2019.02.21-06.34.06:399][885]LogEditorTransaction: Undo Make New Scene Root
[2019.02.21-06.34.06:842][925]Cmd: TRANSACTION UNDO
[2019.02.21-06.34.06:842][925]LogEditorTransaction: Undo Edit Simulate Physics
[2019.02.21-06.34.07:168][953]Cmd: TRANSACTION UNDO
[2019.02.21-06.34.07:168][953]LogEditorTransaction: Undo Edit Simulation Generates Hit Events
[2019.02.21-06.34.07:528][982]Cmd: TRANSACTION UNDO
[2019.02.21-06.34.07:528][982]LogEditorTransaction: Undo Make New Scene Root
[2019.02.21-06.34.07:797][  4]Cmd: TRANSACTION UNDO
[2019.02.21-06.34.07:797][  4]LogEditorTransaction: Undo Rename Component Variable
[2019.02.21-06.34.40:236][602]LogEditorViewport: Clicking on Actor (LMB): StaticMeshActor (EditorCube14)
[2019.02.21-06.34.40:797][640]LogEditorViewport: Clicking on Actor (context menu): StaticMeshActor (EditorCube14)
[2019.02.21-06.34.40:821][640]LogSlate: FSceneViewport::OnFocusLost() reason 2
[2019.02.21-06.34.44:916][934]LogSlate: FSceneViewport::OnFocusLost() reason 2
[2019.02.21-06.34.57:442][750]LogSlate: Window 'DoorSmash' being destroyed
[2019.02.21-06.34.57:446][750]LogSlate: Window 'DoorSmash' being destroyed
[2019.02.21-06.35.14:740][229]LogSlate: Window 'Delete Assets' being destroyed
[2019.02.21-06.36.35:294][589]LogEditorViewport: Clicking on Actor (context menu): StaticMeshActor (EditorCube14)
[2019.02.21-06.36.35:314][589]LogSlate: FSceneViewport::OnFocusLost() reason 2
[2019.02.21-06.36.37:392][813]LogSlate: FSceneViewport::OnFocusLost() reason 2
[2019.02.21-06.36.38:405][903]LogAssetEditorManager: Opening Asset editor for StaticMesh /Game/Geometry/Meshes/1M_Cube.1M_Cube
[2019.02.21-06.36.47:532][285]LogSlate: FSceneViewport::OnFocusLost() reason 2
[2019.02.21-06.36.53:416][782]LogSlate: FSceneViewport::OnFocusLost() reason 0
[2019.02.21-06.36.53:539][793]LogSlate: Window '1M_Cube' being destroyed
[2019.02.21-06.36.53:544][793]LogSlate: Window '1M_Cube' being destroyed
[2019.02.21-06.37.14:800][957]LogSlate: FSceneViewport::OnFocusLost() reason 0
[2019.02.21-06.37.23:106][176]LogSlate: Window 'Save Content' being destroyed
[2019.02.21-06.37.24:757][362]LogSlate: FSceneViewport::OnFocusLost() reason 2
[2019.02.21-06.37.26:478][533]LogSlate: FSceneViewport::OnFocusLost() reason 2
[2019.02.21-06.37.26:921][533]LogSavePackage: Moving '../../../../../../Users/Password is 123/Documents/BluePrintDemonstrations-/Prototypes/Saved/FirstPersonExampleDoorMap241ECE3D4B8529E30A0EE8BF9EAEF5D7.tmp' to '../../../../../../Users/Password is 123/Documents/BluePrintDemonstrations-/Prototypes/Content/FirstPersonDoor/Maps/FirstPersonExampleDoorMap.umap'
[2019.02.21-06.37.26:967][533]LogFileHelpers: Saving map 'FirstPersonExampleDoorMap' took 0.471
[2019.02.21-06.37.30:792][954]LogSlate: FSceneViewport::OnFocusLost() reason 0
[2019.02.21-06.37.35:545][433]LogSlate: FSceneViewport::OnFocusLost() reason 0
[2019.02.21-06.37.38:338][742]LogSlate: Window 'Message Log' being destroyed
[2019.02.21-06.37.38:342][742]LogSlate: Window 'Message Log' being destroyed
[2019.02.21-06.39.16:983][456]LogSlate: FSceneViewport::OnFocusLost() reason 0
[2019.02.21-06.39.37:702][648]LogSlate: FSceneViewport::OnFocusLost() reason 0
[2019.02.21-06.40.00:151][775]LogAssetEditorManager: Opening Asset editor for Blueprint /Game/FirstPersonDoor/Blueprints/DoorSwingSmash.DoorSwingSmash
[2019.02.21-06.40.02:203][882]LogSlate: Window 'DoorSwingSmash*' being destroyed
[2019.02.21-06.40.02:207][882]LogSlate: Window 'DoorSwingSmash*' being destroyed
[2019.02.21-06.40.10:795][733]LogSlate: FSceneViewport::OnFocusLost() reason 2
[2019.02.21-06.40.11:232][733]LogSavePackage: Moving '../../../../../../Users/Password is 123/Documents/BluePrintDemonstrations-/Prototypes/Saved/FirstPersonExampleDoorMap3F701D214201E5804CC772AE83B083DB.tmp' to '../../../../../../Users/Password is 123/Documents/BluePrintDemonstrations-/Prototypes/Content/FirstPersonDoor/Maps/FirstPersonExampleDoorMap.umap'
[2019.02.21-06.40.12:886][733]LogSavePackage: Moving '../../../../../../Users/Password is 123/Documents/BluePrintDemonstrations-/Prototypes/Saved/FirstPersonExampleDoorMap_BuiltD909CA9844C4A3877376DEAB5D0D1FA86.tmp' to '../../../../../../Users/Password is 123/Documents/BluePrintDemonstrations-/Prototypes/Content/FirstPersonDoor/Maps/FirstPersonExampleDoorMap_BuiltData.uasset'
[2019.02.21-06.40.13:426][775]LogSlate: FSceneViewport::OnFocusLost() reason 0
[2019.02.21-06.40.14:485][859]LogAssetEditorManager: Opening Asset editor for Blueprint /Game/FirstPersonDoor/Blueprints/DoorSwingSmash.DoorSwingSmash
[2019.02.21-06.41.11:832][655]BlueprintLog: New page: Compile DoorSwingSmash
[2019.02.21-06.41.14:190][786]LogSlate: Window 'DoorSwingSmash*' being destroyed
[2019.02.21-06.41.14:194][786]LogSlate: Window 'DoorSwingSmash*' being destroyed
